\BOOKMARK [-1][-]{part.1}{\376\377\000I\000\040\000D\000i\000r\000e\000t\000o\000r\000i\000a\000s\000\040\000d\000a\000\040\000A\000N\000V\000E\000S\000N}{}% 1
\BOOKMARK [0][-]{chapter.1}{\376\377\000D\000i\000r\000e\000t\000o\000r\000i\000a\000\040\000d\000e\000\040\000P\000o\000d\000e\000r\000e\000s\000\040\000H\000u\000m\000a\000n\000o\000s\000\040\000e\000\040\000S\000u\000p\000e\000r\000-\000H\000u\000m\000a\000n\000o\000s}{part.1}% 2
\BOOKMARK [1][-]{section.1.1}{\376\377\000D\000e\000f\000i\000n\000i\000\347\000\365\000e\000s\000\040\000e\000\040\000C\000l\000a\000s\000s\000i\000f\000i\000c\000a\000\347\000\365\000e\000s\000\040\000d\000e\000\040\000P\000o\000d\000e\000r\000e\000s}{chapter.1}% 3
\BOOKMARK [1][-]{section.1.2}{\376\377\000R\000i\000s\000c\000o\000s\000\040\000A\000s\000s\000o\000c\000i\000a\000d\000o\000s\000\040\000a\000o\000s\000\040\000P\000o\000d\000e\000r\000e\000s\000\040\000H\000u\000m\000a\000n\000o\000s\000\040\000e\000\040\000S\000u\000p\000e\000r\000-\000H\000u\000m\000a\000n\000o\000s}{chapter.1}% 4
\BOOKMARK [1][-]{section.1.3}{\376\377\000I\000n\000t\000e\000r\000a\000\347\000\343\000o\000\040\000c\000o\000m\000\040\000O\000u\000t\000r\000a\000s\000\040\000D\000i\000r\000e\000t\000o\000r\000i\000a\000s}{chapter.1}% 5
\BOOKMARK [1][-]{section.1.4}{\376\377\000P\000r\000o\000t\000o\000c\000o\000l\000o\000s\000\040\000d\000e\000\040\000C\000o\000n\000t\000e\000n\000\347\000\343\000o\000\040\000e\000\040\000R\000e\000s\000t\000r\000i\000\347\000\365\000e\000s}{chapter.1}% 6
\BOOKMARK [1][-]{section.1.5}{\376\377\000S\000e\000c\000r\000e\000t\000a\000r\000i\000a\000\040\000G\000e\000r\000a\000l}{chapter.1}% 7
\BOOKMARK [1][-]{section.1.6}{\376\377\000S\000e\000c\000r\000e\000t\000a\000r\000i\000a\000\040\000d\000e\000\040\000A\000n\000\341\000l\000i\000s\000e\000\040\000e\000\040\000P\000e\000s\000q\000u\000i\000s\000a}{chapter.1}% 8
\BOOKMARK [1][-]{section.1.7}{\376\377\000S\000e\000c\000r\000e\000t\000a\000r\000i\000a\000\040\000d\000e\000\040\000C\000o\000n\000t\000r\000o\000l\000e\000\040\000e\000\040\000M\000o\000n\000i\000t\000o\000r\000a\000m\000e\000n\000t\000o}{chapter.1}% 9
\BOOKMARK [1][-]{section.1.8}{\376\377\000S\000e\000c\000r\000e\000t\000a\000r\000i\000a\000\040\000d\000e\000\040\000O\000p\000e\000r\000a\000\347\000\365\000e\000s}{chapter.1}% 10
\BOOKMARK [1][-]{section.1.9}{\376\377\000C\000a\000s\000o\000s\000\040\000H\000i\000s\000t\000\363\000r\000i\000c\000o\000s}{chapter.1}% 11
\BOOKMARK [2][-]{subsection.1.9.1}{\376\377\000C\000a\000s\000o\000\040\000d\000a\000\040\000F\000e\000i\000t\000i\000c\000e\000i\000r\000a\000\040\000d\000o\000\040\000C\000e\000r\000r\000a\000d\000o}{section.1.9}% 12
\BOOKMARK [2][-]{subsection.1.9.2}{\376\377\000R\000i\000t\000u\000a\000l\000\040\000P\000r\000o\000i\000b\000i\000d\000o\000\040\000e\000m\000\040\000E\000s\000c\000o\000l\000a\000\040\000A\000b\000a\000n\000d\000o\000n\000a\000d\000a}{section.1.9}% 13
\BOOKMARK [1][-]{section.1.10}{\376\377\000C\000o\000n\000s\000i\000d\000e\000r\000a\000\347\000\365\000e\000s\000\040\000F\000i\000n\000a\000i\000s}{chapter.1}% 14
\BOOKMARK [0][-]{chapter.2}{\376\377\000D\000i\000r\000e\000t\000o\000r\000i\000a\000\040\000d\000e\000\040\000A\000l\000i\000e\000n\000\355\000g\000e\000n\000a\000s\000,\000\040\000I\000n\000t\000r\000a\000-\000T\000e\000r\000r\000e\000s\000t\000r\000e\000s\000\040\000e\000\040\000S\000i\000m\000i\000l\000a\000r\000e\000s}{part.1}% 15
\BOOKMARK [1][-]{section.2.1}{\376\377\000D\000e\000f\000i\000n\000i\000\347\000\365\000e\000s\000\040\000e\000\040\000C\000l\000a\000s\000s\000i\000f\000i\000c\000a\000\347\000\365\000e\000s\000\040\000d\000e\000\040\000E\000n\000t\000i\000d\000a\000d\000e\000s}{chapter.2}% 16
\BOOKMARK [1][-]{section.2.2}{\376\377\000R\000i\000s\000c\000o\000s\000\040\000A\000s\000s\000o\000c\000i\000a\000d\000o\000s\000\040\000\340\000s\000\040\000E\000n\000t\000i\000d\000a\000d\000e\000s\000\040\000e\000\040\000F\000e\000n\000\364\000m\000e\000n\000o\000s}{chapter.2}% 17
\BOOKMARK [1][-]{section.2.3}{\376\377\000I\000n\000t\000e\000r\000a\000\347\000\343\000o\000\040\000c\000o\000m\000\040\000O\000u\000t\000r\000a\000s\000\040\000D\000i\000r\000e\000t\000o\000r\000i\000a\000s}{chapter.2}% 18
\BOOKMARK [1][-]{section.2.4}{\376\377\000P\000r\000o\000t\000o\000c\000o\000l\000o\000s\000\040\000d\000e\000\040\000C\000o\000n\000t\000e\000n\000\347\000\343\000o\000\040\000e\000\040\000I\000s\000o\000l\000a\000m\000e\000n\000t\000o}{chapter.2}% 19
\BOOKMARK [1][-]{section.2.5}{\376\377\000S\000e\000c\000r\000e\000t\000a\000r\000i\000a\000\040\000G\000e\000r\000a\000l}{chapter.2}% 20
\BOOKMARK [1][-]{section.2.6}{\376\377\000S\000e\000c\000r\000e\000t\000a\000r\000i\000a\000\040\000d\000e\000\040\000A\000n\000\341\000l\000i\000s\000e\000\040\000e\000\040\000P\000e\000s\000q\000u\000i\000s\000a}{chapter.2}% 21
\BOOKMARK [1][-]{section.2.7}{\376\377\000S\000e\000c\000r\000e\000t\000a\000r\000i\000a\000\040\000d\000e\000\040\000C\000o\000n\000t\000r\000o\000l\000e\000\040\000e\000\040\000M\000o\000n\000i\000t\000o\000r\000a\000m\000e\000n\000t\000o}{chapter.2}% 22
\BOOKMARK [1][-]{section.2.8}{\376\377\000S\000e\000c\000r\000e\000t\000a\000r\000i\000a\000\040\000d\000e\000\040\000O\000p\000e\000r\000a\000\347\000\365\000e\000s}{chapter.2}% 23
\BOOKMARK [1][-]{section.2.9}{\376\377\000C\000a\000s\000o\000s\000\040\000H\000i\000s\000t\000\363\000r\000i\000c\000o\000s}{chapter.2}% 24
\BOOKMARK [2][-]{subsection.2.9.1}{\376\377\000I\000n\000c\000i\000d\000e\000n\000t\000e\000\040\000d\000o\000\040\000O\000V\000N\000I\000\040\000s\000o\000b\000r\000e\000\040\000B\000r\000a\000s\000\355\000l\000i\000a}{section.2.9}% 25
\BOOKMARK [2][-]{subsection.2.9.2}{\376\377\000C\000o\000n\000t\000a\000t\000o\000\040\000c\000o\000m\000\040\000I\000n\000t\000r\000a\000-\000T\000e\000r\000r\000e\000s\000t\000r\000e\000s\000\040\000n\000o\000\040\000R\000o\000n\000c\000a\000d\000o\000r}{section.2.9}% 26
\BOOKMARK [1][-]{section.2.10}{\376\377\000C\000o\000n\000s\000i\000d\000e\000r\000a\000\347\000\365\000e\000s\000\040\000F\000i\000n\000a\000i\000s}{chapter.2}% 27
\BOOKMARK [0][-]{chapter.3}{\376\377\000D\000i\000r\000e\000t\000o\000r\000i\000a\000\040\000d\000e\000\040\000A\000s\000s\000o\000m\000b\000r\000a\000\347\000\365\000e\000s\000\040\000e\000\040\000E\000n\000t\000i\000d\000a\000d\000e\000s\000\040\000E\000s\000p\000i\000r\000i\000t\000u\000a\000i\000s}{part.1}% 28
\BOOKMARK [1][-]{section.3.1}{\376\377\000D\000e\000f\000i\000n\000i\000\347\000\365\000e\000s\000\040\000e\000\040\000C\000l\000a\000s\000s\000i\000f\000i\000c\000a\000\347\000\365\000e\000s\000\040\000d\000e\000\040\000E\000n\000t\000i\000d\000a\000d\000e\000s\000\040\000E\000s\000p\000i\000r\000i\000t\000u\000a\000i\000s}{chapter.3}% 29
\BOOKMARK [1][-]{section.3.2}{\376\377\000R\000i\000s\000c\000o\000s\000\040\000A\000s\000s\000o\000c\000i\000a\000d\000o\000s\000\040\000\340\000s\000\040\000E\000n\000t\000i\000d\000a\000d\000e\000s\000\040\000E\000s\000p\000i\000r\000i\000t\000u\000a\000i\000s}{chapter.3}% 30
\BOOKMARK [1][-]{section.3.3}{\376\377\000I\000n\000t\000e\000r\000a\000\347\000\343\000o\000\040\000c\000o\000m\000\040\000O\000u\000t\000r\000a\000s\000\040\000D\000i\000r\000e\000t\000o\000r\000i\000a\000s}{chapter.3}% 31
\BOOKMARK [1][-]{section.3.4}{\376\377\000P\000r\000o\000t\000o\000c\000o\000l\000o\000s\000\040\000d\000e\000\040\000C\000o\000n\000t\000e\000n\000\347\000\343\000o\000\040\000e\000\040\000R\000i\000t\000u\000a\000i\000s\000\040\000d\000e\000\040\000P\000r\000o\000t\000e\000\347\000\343\000o}{chapter.3}% 32
\BOOKMARK [1][-]{section.3.5}{\376\377\000S\000e\000c\000r\000e\000t\000a\000r\000i\000a\000\040\000G\000e\000r\000a\000l}{chapter.3}% 33
\BOOKMARK [1][-]{section.3.6}{\376\377\000S\000e\000c\000r\000e\000t\000a\000r\000i\000a\000\040\000d\000e\000\040\000A\000n\000\341\000l\000i\000s\000e\000\040\000e\000\040\000P\000e\000s\000q\000u\000i\000s\000a}{chapter.3}% 34
\BOOKMARK [1][-]{section.3.7}{\376\377\000S\000e\000c\000r\000e\000t\000a\000r\000i\000a\000\040\000d\000e\000\040\000C\000o\000n\000t\000r\000o\000l\000e\000\040\000e\000\040\000M\000o\000n\000i\000t\000o\000r\000a\000m\000e\000n\000t\000o}{chapter.3}% 35
\BOOKMARK [1][-]{section.3.8}{\376\377\000S\000e\000c\000r\000e\000t\000a\000r\000i\000a\000\040\000d\000e\000\040\000O\000p\000e\000r\000a\000\347\000\365\000e\000s}{chapter.3}% 36
\BOOKMARK [1][-]{section.3.9}{\376\377\000C\000a\000s\000o\000s\000\040\000H\000i\000s\000t\000\363\000r\000i\000c\000o\000s}{chapter.3}% 37
\BOOKMARK [2][-]{subsection.3.9.1}{\376\377\000O\000\040\000C\000a\000s\000o\000\040\000d\000a\000\040\000C\000a\000s\000a\000\040\000A\000m\000a\000l\000d\000i\000\347\000o\000a\000d\000a\000\040\000e\000m\000\040\000O\000u\000r\000o\000\040\000P\000r\000e\000t\000o}{section.3.9}% 38
\BOOKMARK [2][-]{subsection.3.9.2}{\376\377\000E\000x\000o\000r\000c\000i\000s\000m\000o\000\040\000n\000o\000\040\000H\000o\000s\000p\000i\000t\000a\000l\000\040\000P\000s\000i\000q\000u\000i\000\341\000t\000r\000i\000c\000o}{section.3.9}% 39
\BOOKMARK [1][-]{section.3.10}{\376\377\000C\000o\000n\000s\000i\000d\000e\000r\000a\000\347\000\365\000e\000s\000\040\000F\000i\000n\000a\000i\000s}{chapter.3}% 40
\BOOKMARK [0][-]{chapter.4}{\376\377\000D\000i\000r\000e\000t\000o\000r\000i\000a\000\040\000d\000e\000\040\000M\000o\000r\000t\000o\000s\000-\000V\000i\000v\000o\000s}{part.1}% 41
\BOOKMARK [1][-]{section.4.1}{\376\377\000D\000e\000f\000i\000n\000i\000\347\000\365\000e\000s\000\040\000e\000\040\000C\000l\000a\000s\000s\000i\000f\000i\000c\000a\000\347\000\365\000e\000s\000\040\000d\000e\000\040\000M\000o\000r\000t\000o\000s\000-\000V\000i\000v\000o\000s}{chapter.4}% 42
\BOOKMARK [1][-]{section.4.2}{\376\377\000R\000i\000s\000c\000o\000s\000\040\000A\000s\000s\000o\000c\000i\000a\000d\000o\000s\000\040\000a\000o\000s\000\040\000M\000o\000r\000t\000o\000s\000-\000V\000i\000v\000o\000s}{chapter.4}% 43
\BOOKMARK [1][-]{section.4.3}{\376\377\000I\000n\000t\000e\000r\000a\000\347\000\343\000o\000\040\000c\000o\000m\000\040\000O\000u\000t\000r\000a\000s\000\040\000D\000i\000r\000e\000t\000o\000r\000i\000a\000s}{chapter.4}% 44
\BOOKMARK [1][-]{section.4.4}{\376\377\000P\000r\000o\000t\000o\000c\000o\000l\000o\000s\000\040\000d\000e\000\040\000C\000o\000n\000t\000e\000n\000\347\000\343\000o\000\040\000e\000\040\000E\000l\000i\000m\000i\000n\000a\000\347\000\343\000o}{chapter.4}% 45
\BOOKMARK [1][-]{section.4.5}{\376\377\000S\000e\000c\000r\000e\000t\000a\000r\000i\000a\000\040\000G\000e\000r\000a\000l}{chapter.4}% 46
\BOOKMARK [1][-]{section.4.6}{\376\377\000S\000e\000c\000r\000e\000t\000a\000r\000i\000a\000\040\000d\000e\000\040\000A\000n\000\341\000l\000i\000s\000e\000\040\000e\000\040\000P\000e\000s\000q\000u\000i\000s\000a}{chapter.4}% 47
\BOOKMARK [1][-]{section.4.7}{\376\377\000S\000e\000c\000r\000e\000t\000a\000r\000i\000a\000\040\000d\000e\000\040\000C\000o\000n\000t\000r\000o\000l\000e\000\040\000e\000\040\000M\000o\000n\000i\000t\000o\000r\000a\000m\000e\000n\000t\000o}{chapter.4}% 48
\BOOKMARK [1][-]{section.4.8}{\376\377\000S\000e\000c\000r\000e\000t\000a\000r\000i\000a\000\040\000d\000e\000\040\000O\000p\000e\000r\000a\000\347\000\365\000e\000s}{chapter.4}% 49
\BOOKMARK [1][-]{section.4.9}{\376\377\000C\000a\000s\000o\000s\000\040\000H\000i\000s\000t\000\363\000r\000i\000c\000o\000s}{chapter.4}% 50
\BOOKMARK [2][-]{subsection.4.9.1}{\376\377\000S\000u\000r\000t\000o\000\040\000d\000e\000\040\000Z\000u\000m\000b\000i\000s\000\040\000n\000a\000\040\000Z\000o\000n\000a\000\040\000R\000u\000r\000a\000l}{section.4.9}% 51
\BOOKMARK [2][-]{subsection.4.9.2}{\376\377\000I\000n\000v\000e\000s\000t\000i\000g\000a\000\347\000\343\000o\000\040\000d\000e\000\040\000V\000a\000m\000p\000i\000r\000o\000\040\000n\000o\000\040\000C\000e\000n\000t\000r\000o\000\040\000U\000r\000b\000a\000n\000o}{section.4.9}% 52
\BOOKMARK [1][-]{section.4.10}{\376\377\000C\000o\000n\000s\000i\000d\000e\000r\000a\000\347\000\365\000e\000s\000\040\000F\000i\000n\000a\000i\000s}{chapter.4}% 53
\BOOKMARK [0][-]{chapter.5}{\376\377\000D\000i\000r\000e\000t\000o\000r\000i\000a\000\040\000d\000e\000\040\000D\000e\000u\000s\000e\000s\000,\000\040\000S\000e\000m\000i\000d\000e\000u\000s\000e\000s\000\040\000e\000\040\000S\000e\000r\000e\000s\000\040\000M\000\355\000t\000i\000c\000o\000s}{part.1}% 54
\BOOKMARK [1][-]{section.5.1}{\376\377\000D\000e\000f\000i\000n\000i\000\347\000\365\000e\000s\000\040\000e\000\040\000C\000l\000a\000s\000s\000i\000f\000i\000c\000a\000\347\000\365\000e\000s\000\040\000d\000e\000\040\000E\000n\000t\000i\000d\000a\000d\000e\000s\000\040\000M\000\355\000t\000i\000c\000a\000s}{chapter.5}% 55
\BOOKMARK [1][-]{section.5.2}{\376\377\000R\000i\000s\000c\000o\000s\000\040\000A\000s\000s\000o\000c\000i\000a\000d\000o\000s\000\040\000a\000o\000s\000\040\000D\000e\000u\000s\000e\000s\000,\000\040\000S\000e\000m\000i\000d\000e\000u\000s\000e\000s\000\040\000e\000\040\000S\000e\000r\000e\000s\000\040\000M\000\355\000t\000i\000c\000o\000s}{chapter.5}% 56
\BOOKMARK [1][-]{section.5.3}{\376\377\000I\000n\000t\000e\000r\000a\000\347\000\343\000o\000\040\000c\000o\000m\000\040\000O\000u\000t\000r\000a\000s\000\040\000D\000i\000r\000e\000t\000o\000r\000i\000a\000s}{chapter.5}% 57
\BOOKMARK [1][-]{section.5.4}{\376\377\000P\000r\000o\000t\000o\000c\000o\000l\000o\000s\000\040\000d\000e\000\040\000I\000n\000t\000e\000r\000a\000\347\000\343\000o\000\040\000e\000\040\000C\000o\000n\000t\000e\000n\000\347\000\343\000o}{chapter.5}% 58
\BOOKMARK [1][-]{section.5.5}{\376\377\000D\000i\000s\000c\000u\000s\000s\000\343\000o\000\040\000s\000o\000b\000r\000e\000\040\000C\000t\000h\000u\000l\000h\000u\000\040\000e\000\040\000S\000e\000r\000e\000s\000\040\000P\000r\000i\000m\000o\000r\000d\000i\000a\000i\000s}{chapter.5}% 59
\BOOKMARK [1][-]{section.5.6}{\376\377\000E\000n\000t\000i\000d\000a\000d\000e\000s\000\040\000d\000e\000\040\000M\000i\000t\000o\000l\000o\000g\000i\000a\000s\000\040\000I\000n\000d\000\355\000g\000e\000n\000a\000s\000\040\000e\000\040\000E\000s\000t\000r\000a\000n\000g\000e\000i\000r\000a\000s}{chapter.5}% 60
\BOOKMARK [1][-]{section.5.7}{\376\377\000S\000e\000c\000r\000e\000t\000a\000r\000i\000a\000\040\000G\000e\000r\000a\000l}{chapter.5}% 61
\BOOKMARK [1][-]{section.5.8}{\376\377\000S\000e\000c\000r\000e\000t\000a\000r\000i\000a\000\040\000d\000e\000\040\000A\000n\000\341\000l\000i\000s\000e\000\040\000e\000\040\000P\000e\000s\000q\000u\000i\000s\000a}{chapter.5}% 62
\BOOKMARK [1][-]{section.5.9}{\376\377\000S\000e\000c\000r\000e\000t\000a\000r\000i\000a\000\040\000d\000e\000\040\000C\000o\000n\000t\000r\000o\000l\000e\000\040\000e\000\040\000M\000o\000n\000i\000t\000o\000r\000a\000m\000e\000n\000t\000o}{chapter.5}% 63
\BOOKMARK [1][-]{section.5.10}{\376\377\000S\000e\000c\000r\000e\000t\000a\000r\000i\000a\000\040\000d\000e\000\040\000O\000p\000e\000r\000a\000\347\000\365\000e\000s}{chapter.5}% 64
\BOOKMARK [1][-]{section.5.11}{\376\377\000C\000a\000s\000o\000s\000\040\000H\000i\000s\000t\000\363\000r\000i\000c\000o\000s}{chapter.5}% 65
\BOOKMARK [2][-]{subsection.5.11.1}{\376\377\000M\000a\000n\000i\000f\000e\000s\000t\000a\000\347\000\343\000o\000\040\000e\000m\000\040\000M\000o\000n\000t\000e\000\040\000R\000o\000r\000a\000i\000m\000a}{section.5.11}% 66
\BOOKMARK [2][-]{subsection.5.11.2}{\376\377\000A\000p\000a\000r\000i\000\347\000\343\000o\000\040\000d\000e\000\040\000S\000e\000r\000\040\000M\000i\000t\000o\000l\000\363\000g\000i\000c\000o\000\040\000n\000o\000\040\000C\000a\000r\000n\000a\000v\000a\000l}{section.5.11}% 67
\BOOKMARK [1][-]{section.5.12}{\376\377\000C\000o\000n\000s\000i\000d\000e\000r\000a\000\347\000\365\000e\000s\000\040\000F\000i\000n\000a\000i\000s}{chapter.5}% 68
\BOOKMARK [0][-]{chapter.6}{\376\377\000D\000i\000r\000e\000t\000o\000r\000i\000a\000\040\000d\000e\000\040\000P\000l\000a\000n\000t\000a\000s\000\040\000e\000\040\000A\000n\000i\000m\000a\000i\000s\000\040\000F\000a\000n\000t\000\341\000s\000t\000i\000c\000o\000s\000\040\000e\000\040\000E\000x\000t\000r\000a\000o\000r\000d\000i\000n\000\341\000r\000i\000o\000s}{part.1}% 69
\BOOKMARK [1][-]{section.6.1}{\376\377\000D\000e\000f\000i\000n\000i\000\347\000\365\000e\000s\000\040\000e\000\040\000C\000l\000a\000s\000s\000i\000f\000i\000c\000a\000\347\000\365\000e\000s\000\040\000d\000e\000\040\000P\000l\000a\000n\000t\000a\000s\000\040\000e\000\040\000A\000n\000i\000m\000a\000i\000s\000\040\000F\000a\000n\000t\000\341\000s\000t\000i\000c\000o\000s}{chapter.6}% 70
\BOOKMARK [1][-]{section.6.2}{\376\377\000R\000i\000s\000c\000o\000s\000\040\000A\000s\000s\000o\000c\000i\000a\000d\000o\000s\000\040\000\340\000s\000\040\000P\000l\000a\000n\000t\000a\000s\000\040\000e\000\040\000A\000n\000i\000m\000a\000i\000s\000\040\000F\000a\000n\000t\000\341\000s\000t\000i\000c\000o\000s}{chapter.6}% 71
\BOOKMARK [1][-]{section.6.3}{\376\377\000I\000n\000t\000e\000r\000a\000\347\000\343\000o\000\040\000c\000o\000m\000\040\000O\000u\000t\000r\000a\000s\000\040\000D\000i\000r\000e\000t\000o\000r\000i\000a\000s}{chapter.6}% 72
\BOOKMARK [1][-]{section.6.4}{\376\377\000P\000r\000o\000t\000o\000c\000o\000l\000o\000s\000\040\000d\000e\000\040\000C\000o\000n\000t\000e\000n\000\347\000\343\000o\000\040\000e\000\040\000P\000r\000e\000s\000e\000r\000v\000a\000\347\000\343\000o}{chapter.6}% 73
\BOOKMARK [1][-]{section.6.5}{\376\377\000C\000o\000n\000s\000i\000d\000e\000r\000a\000\347\000\365\000e\000s\000\040\000s\000o\000b\000r\000e\000\040\000F\000l\000o\000r\000a\000\040\000e\000\040\000F\000a\000u\000n\000a\000\040\000S\000o\000b\000r\000e\000n\000a\000t\000u\000r\000a\000l\000\040\000I\000n\000d\000\355\000g\000e\000n\000a}{chapter.6}% 74
\BOOKMARK [1][-]{section.6.6}{\376\377\000S\000e\000c\000r\000e\000t\000a\000r\000i\000a\000\040\000G\000e\000r\000a\000l}{chapter.6}% 75
\BOOKMARK [1][-]{section.6.7}{\376\377\000S\000e\000c\000r\000e\000t\000a\000r\000i\000a\000\040\000d\000e\000\040\000A\000n\000\341\000l\000i\000s\000e\000\040\000e\000\040\000P\000e\000s\000q\000u\000i\000s\000a}{chapter.6}% 76
\BOOKMARK [1][-]{section.6.8}{\376\377\000S\000e\000c\000r\000e\000t\000a\000r\000i\000a\000\040\000d\000e\000\040\000C\000o\000n\000t\000r\000o\000l\000e\000\040\000e\000\040\000M\000o\000n\000i\000t\000o\000r\000a\000m\000e\000n\000t\000o}{chapter.6}% 77
\BOOKMARK [1][-]{section.6.9}{\376\377\000S\000e\000c\000r\000e\000t\000a\000r\000i\000a\000\040\000d\000e\000\040\000O\000p\000e\000r\000a\000\347\000\365\000e\000s}{chapter.6}% 78
\BOOKMARK [1][-]{section.6.10}{\376\377\000C\000a\000s\000o\000s\000\040\000H\000i\000s\000t\000\363\000r\000i\000c\000o\000s}{chapter.6}% 79
\BOOKMARK [2][-]{subsection.6.10.1}{\376\377\000C\000a\000p\000t\000u\000r\000a\000\040\000d\000e\000\040\000L\000o\000b\000i\000s\000o\000m\000e\000m\000\040\000e\000m\000\040\000Z\000o\000n\000a\000\040\000R\000u\000r\000a\000l}{section.6.10}% 80
\BOOKMARK [2][-]{subsection.6.10.2}{\376\377\000I\000n\000v\000a\000s\000\343\000o\000\040\000d\000e\000\040\000P\000\341\000s\000s\000a\000r\000o\000s\000\040\000F\000a\000n\000t\000a\000s\000m\000a\000g\000\363\000r\000i\000c\000o\000s\000\040\000e\000m\000\040\000\301\000r\000e\000a\000s\000\040\000U\000r\000b\000a\000n\000a\000s}{section.6.10}% 81
\BOOKMARK [1][-]{section.6.11}{\376\377\000C\000o\000n\000s\000i\000d\000e\000r\000a\000\347\000\365\000e\000s\000\040\000F\000i\000n\000a\000i\000s}{chapter.6}% 82
\BOOKMARK [0][-]{chapter.7}{\376\377\000D\000i\000r\000e\000t\000o\000r\000i\000a\000\040\000d\000e\000\040\000A\000d\000m\000i\000n\000i\000s\000t\000r\000a\000\347\000\343\000o}{part.1}% 83
\BOOKMARK [1][-]{section.7.1}{\376\377\000\301\000r\000e\000a\000s\000\040\000d\000e\000\040\000R\000e\000s\000p\000o\000n\000s\000a\000b\000i\000l\000i\000d\000a\000d\000e\000\040\000e\000\040\000B\000u\000r\000o\000c\000r\000a\000c\000i\000a\000\040\000A\000d\000m\000i\000n\000i\000s\000t\000r\000a\000t\000i\000v\000a}{chapter.7}% 84
\BOOKMARK [1][-]{section.7.2}{\376\377\000I\000m\000p\000a\000c\000t\000o\000\040\000d\000a\000\040\000B\000u\000r\000o\000c\000r\000a\000c\000i\000a\000\040\000e\000\040\000C\000o\000r\000t\000e\000s\000\040\000d\000e\000\040\000V\000e\000r\000b\000a\000s\000\040\000n\000a\000s\000\040\000O\000p\000e\000r\000a\000\347\000\365\000e\000s}{chapter.7}% 85
\BOOKMARK [1][-]{section.7.3}{\376\377\000D\000i\000f\000i\000c\000u\000l\000d\000a\000d\000e\000s\000\040\000I\000m\000p\000o\000s\000t\000a\000s\000\040\000\340\000s\000\040\000O\000u\000t\000r\000a\000s\000\040\000D\000i\000r\000e\000t\000o\000r\000i\000a\000s}{chapter.7}% 86
\BOOKMARK [1][-]{section.7.4}{\376\377\000P\000r\000o\000t\000o\000c\000o\000l\000o\000s\000\040\000e\000\040\000R\000e\000s\000t\000r\000i\000\347\000\365\000e\000s\000\040\000A\000d\000m\000i\000n\000i\000s\000t\000r\000a\000t\000i\000v\000a\000s}{chapter.7}% 87
\BOOKMARK [1][-]{section.7.5}{\376\377\000S\000e\000c\000r\000e\000t\000a\000r\000i\000a\000\040\000G\000e\000r\000a\000l}{chapter.7}% 88
\BOOKMARK [1][-]{section.7.6}{\376\377\000S\000e\000c\000r\000e\000t\000a\000r\000i\000a\000\040\000d\000e\000\040\000C\000o\000n\000t\000r\000o\000l\000e\000\040\000F\000i\000n\000a\000n\000c\000e\000i\000r\000o}{chapter.7}% 89
\BOOKMARK [1][-]{section.7.7}{\376\377\000S\000e\000c\000r\000e\000t\000a\000r\000i\000a\000\040\000d\000e\000\040\000R\000e\000c\000u\000r\000s\000o\000s\000\040\000H\000u\000m\000a\000n\000o\000s}{chapter.7}% 90
\BOOKMARK [1][-]{section.7.8}{\376\377\000S\000e\000c\000r\000e\000t\000a\000r\000i\000a\000\040\000d\000e\000\040\000O\000p\000e\000r\000a\000\347\000\365\000e\000s}{chapter.7}% 91
\BOOKMARK [1][-]{section.7.9}{\376\377\000C\000a\000s\000o\000s\000\040\000H\000i\000s\000t\000\363\000r\000i\000c\000o\000s}{chapter.7}% 92
\BOOKMARK [2][-]{subsection.7.9.1}{\376\377\000I\000m\000p\000l\000e\000m\000e\000n\000t\000a\000\347\000\343\000o\000\040\000d\000e\000\040\000N\000o\000v\000o\000\040\000S\000i\000s\000t\000e\000m\000a\000\040\000L\000o\000g\000\355\000s\000t\000i\000c\000o}{section.7.9}% 93
\BOOKMARK [2][-]{subsection.7.9.2}{\376\377\000T\000r\000e\000i\000n\000a\000m\000e\000n\000t\000o\000\040\000d\000e\000\040\000R\000e\000c\000r\000u\000t\000a\000s}{section.7.9}% 94
\BOOKMARK [1][-]{section.7.10}{\376\377\000C\000o\000n\000s\000i\000d\000e\000r\000a\000\347\000\365\000e\000s\000\040\000F\000i\000n\000a\000i\000s}{chapter.7}% 95
\BOOKMARK [0][-]{chapter.8}{\376\377\000D\000i\000r\000e\000t\000o\000r\000i\000a\000\040\000d\000e\000\040\000E\000q\000u\000i\000p\000a\000m\000e\000n\000t\000o\000s\000,\000\040\000T\000e\000c\000n\000o\000l\000o\000g\000i\000a\000,\000\040\000P\000e\000s\000q\000u\000i\000s\000a\000\040\000e\000\040\000I\000n\000o\000v\000a\000\347\000\343\000o}{part.1}% 96
\BOOKMARK [1][-]{section.8.1}{\376\377\000\301\000r\000e\000a\000s\000\040\000d\000e\000\040\000A\000t\000u\000a\000\347\000\343\000o\000\040\000e\000\040\000P\000e\000s\000q\000u\000i\000s\000a}{chapter.8}% 97
\BOOKMARK [1][-]{section.8.2}{\376\377\000R\000i\000s\000c\000o\000s\000\040\000e\000\040\000D\000e\000s\000a\000f\000i\000o\000s\000\040\000T\000e\000c\000n\000o\000l\000\363\000g\000i\000c\000o\000s}{chapter.8}% 98
\BOOKMARK [1][-]{section.8.3}{\376\377\000I\000n\000t\000e\000r\000a\000\347\000\343\000o\000\040\000c\000o\000m\000\040\000O\000u\000t\000r\000a\000s\000\040\000D\000i\000r\000e\000t\000o\000r\000i\000a\000s}{chapter.8}% 99
\BOOKMARK [1][-]{section.8.4}{\376\377\000P\000r\000o\000t\000o\000c\000o\000l\000o\000s\000\040\000d\000e\000\040\000S\000e\000g\000u\000r\000a\000n\000\347\000a\000\040\000e\000\040\000T\000e\000s\000t\000e\000s}{chapter.8}% 100
\BOOKMARK [1][-]{section.8.5}{\376\377\000P\000e\000s\000q\000u\000i\000s\000a\000\040\000e\000\040\000D\000e\000s\000e\000n\000v\000o\000l\000v\000i\000m\000e\000n\000t\000o\000\040\000d\000e\000\040\000I\000n\000o\000v\000a\000\347\000\365\000e\000s\000\040\000F\000u\000t\000u\000r\000a\000s}{chapter.8}% 101
\BOOKMARK [1][-]{section.8.6}{\376\377\000S\000e\000c\000r\000e\000t\000a\000r\000i\000a\000\040\000G\000e\000r\000a\000l}{chapter.8}% 102
\BOOKMARK [1][-]{section.8.7}{\376\377\000S\000e\000c\000r\000e\000t\000a\000r\000i\000a\000\040\000d\000e\000\040\000D\000e\000s\000e\000n\000v\000o\000l\000v\000i\000m\000e\000n\000t\000o\000\040\000T\000e\000c\000n\000o\000l\000\363\000g\000i\000c\000o}{chapter.8}% 103
\BOOKMARK [1][-]{section.8.8}{\376\377\000S\000e\000c\000r\000e\000t\000a\000r\000i\000a\000\040\000d\000e\000\040\000M\000a\000n\000u\000t\000e\000n\000\347\000\343\000o\000\040\000e\000\040\000S\000u\000p\000o\000r\000t\000e\000\040\000T\000\351\000c\000n\000i\000c\000o}{chapter.8}% 104
\BOOKMARK [1][-]{section.8.9}{\376\377\000S\000e\000c\000r\000e\000t\000a\000r\000i\000a\000\040\000d\000e\000\040\000O\000p\000e\000r\000a\000\347\000\365\000e\000s}{chapter.8}% 105
\BOOKMARK [1][-]{section.8.10}{\376\377\000C\000a\000s\000o\000s\000\040\000H\000i\000s\000t\000\363\000r\000i\000c\000o\000s}{chapter.8}% 106
\BOOKMARK [2][-]{subsection.8.10.1}{\376\377\000D\000e\000s\000e\000n\000v\000o\000l\000v\000i\000m\000e\000n\000t\000o\000\040\000d\000e\000\040\000D\000i\000s\000p\000o\000s\000i\000t\000i\000v\000o\000\040\000d\000e\000\040\000D\000e\000t\000e\000c\000\347\000\343\000o\000\040\000d\000e\000\040\000E\000n\000t\000i\000d\000a\000d\000e\000s}{section.8.10}% 107
\BOOKMARK [2][-]{subsection.8.10.2}{\376\377\000A\000p\000r\000i\000m\000o\000r\000a\000m\000e\000n\000t\000o\000\040\000d\000e\000\040\000A\000r\000m\000a\000d\000u\000r\000a\000s\000\040\000A\000n\000t\000i\000-\000S\000o\000b\000r\000e\000n\000a\000t\000u\000r\000a\000l}{section.8.10}% 108
\BOOKMARK [1][-]{section.8.11}{\376\377\000C\000o\000n\000s\000i\000d\000e\000r\000a\000\347\000\365\000e\000s\000\040\000F\000i\000n\000a\000i\000s}{chapter.8}% 109
\BOOKMARK [-1][-]{part.2}{\376\377\000I\000I\000\040\000C\000o\000m\000o\000\040\000a\000\040\000A\000N\000V\000E\000S\000N\000\040\000T\000r\000a\000b\000a\000l\000h\000a}{}% 110
\BOOKMARK [0][-]{chapter.9}{\376\377\000P\000r\000o\000c\000e\000s\000s\000o\000\040\000d\000e\000\040\000C\000o\000n\000t\000r\000a\000t\000a\000\347\000\343\000o\000\040\000d\000a\000\040\000A\000N\000V\000E\000S\000N}{part.2}% 111
\BOOKMARK [1][-]{section.9.1}{\376\377\000F\000a\000s\000e\000\040\0001\000:\000\040\000T\000r\000i\000a\000g\000e\000m\000\040\000I\000n\000i\000c\000i\000a\000l}{chapter.9}% 112
\BOOKMARK [2][-]{subsection.9.1.1}{\376\377\000E\000n\000t\000r\000e\000v\000i\000s\000t\000a\000\040\000d\000e\000\040\000B\000a\000c\000k\000g\000r\000o\000u\000n\000d}{section.9.1}% 113
\BOOKMARK [2][-]{subsection.9.1.2}{\376\377\000T\000e\000s\000t\000e\000s\000\040\000P\000s\000i\000c\000o\000m\000\351\000t\000r\000i\000c\000o\000s}{section.9.1}% 114
\BOOKMARK [1][-]{section.9.2}{\376\377\000F\000a\000s\000e\000\040\0002\000:\000\040\000T\000e\000s\000t\000e\000s\000\040\000d\000e\000\040\000A\000p\000t\000i\000d\000\343\000o\000\040\000M\000\355\000s\000t\000i\000c\000a\000\040\000e\000\040\000T\000\351\000c\000n\000i\000c\000a}{chapter.9}% 115
\BOOKMARK [2][-]{subsection.9.2.1}{\376\377\000P\000r\000o\000v\000a\000s\000\040\000P\000r\000\341\000t\000i\000c\000a\000s\000\040\000d\000e\000\040\000A\000p\000t\000i\000d\000\343\000o\000\040\000M\000\355\000s\000t\000i\000c\000a}{section.9.2}% 116
\BOOKMARK [2][-]{subsection.9.2.2}{\376\377\000T\000e\000s\000t\000e\000s\000\040\000T\000\351\000c\000n\000i\000c\000o\000s\000\040\000e\000\040\000d\000e\000\040\000R\000e\000s\000i\000s\000t\000\352\000n\000c\000i\000a}{section.9.2}% 117
\BOOKMARK [1][-]{section.9.3}{\376\377\000F\000a\000s\000e\000\040\0003\000:\000\040\000T\000e\000s\000t\000e\000\040\000d\000e\000\040\000R\000e\000s\000i\000s\000t\000\352\000n\000c\000i\000a\000\040\000P\000s\000i\000c\000o\000l\000\363\000g\000i\000c\000a}{chapter.9}% 118
\BOOKMARK [2][-]{subsection.9.3.1}{\376\377\000T\000e\000s\000t\000e\000\040\000d\000e\000\040\000I\000s\000o\000l\000a\000m\000e\000n\000t\000o}{section.9.3}% 119
\BOOKMARK [2][-]{subsection.9.3.2}{\376\377\000E\000x\000p\000e\000r\000i\000\352\000n\000c\000i\000a\000\040\000S\000i\000m\000u\000l\000a\000d\000a\000\040\000c\000o\000m\000\040\000E\000n\000t\000i\000d\000a\000d\000e\000s}{section.9.3}% 120
\BOOKMARK [1][-]{section.9.4}{\376\377\000F\000a\000s\000e\000\040\0004\000:\000\040\000T\000r\000e\000i\000n\000a\000m\000e\000n\000t\000o\000\040\000d\000e\000\040\000C\000a\000m\000p\000o\000\040\000S\000u\000p\000e\000r\000v\000i\000s\000i\000o\000n\000a\000d\000o}{chapter.9}% 121
\BOOKMARK [1][-]{section.9.5}{\376\377\000F\000a\000s\000e\000\040\0005\000:\000\040\000A\000p\000r\000o\000v\000a\000\347\000\343\000o\000\040\000e\000\040\000C\000e\000r\000i\000m\000\364\000n\000i\000a\000\040\000d\000e\000\040\000I\000n\000i\000c\000i\000a\000\347\000\343\000o}{chapter.9}% 122
\BOOKMARK [2][-]{subsection.9.5.1}{\376\377\000J\000u\000r\000a\000m\000e\000n\000t\000o\000\040\000d\000e\000\040\000S\000i\000g\000i\000l\000o}{section.9.5}% 123
\BOOKMARK [2][-]{subsection.9.5.2}{\376\377\000I\000n\000t\000e\000g\000r\000a\000\347\000\343\000o\000\040\000\340\000s\000\040\000D\000i\000r\000e\000t\000o\000r\000i\000a\000s}{section.9.5}% 124
\BOOKMARK [1][-]{section.9.6}{\376\377\000C\000o\000n\000c\000l\000u\000s\000\343\000o}{chapter.9}% 125
\BOOKMARK [0][-]{chapter.10}{\376\377\000D\000i\000f\000i\000c\000u\000l\000d\000a\000d\000e\000s\000\040\000B\000u\000r\000o\000c\000r\000\341\000t\000i\000c\000a\000s\000\040\000e\000\040\000O\000r\000\347\000a\000m\000e\000n\000t\000\341\000r\000i\000a\000s\000\040\000d\000a\000\040\000A\000N\000V\000E\000S\000N}{part.2}% 126
\BOOKMARK [1][-]{section.10.1}{\376\377\000B\000u\000r\000o\000c\000r\000a\000c\000i\000a\000\040\000N\000a\000c\000i\000o\000n\000a\000l\000\040\000e\000\040\000A\000u\000t\000o\000r\000i\000z\000a\000\347\000\365\000e\000s}{chapter.10}% 127
\BOOKMARK [2][-]{subsection.10.1.1}{\376\377\000D\000i\000f\000i\000c\000u\000l\000d\000a\000d\000e\000\040\000e\000m\000\040\000E\000x\000p\000l\000i\000c\000a\000r\000\040\000a\000\040\000N\000e\000c\000e\000s\000s\000i\000d\000a\000d\000e\000\040\000d\000a\000s\000\040\000O\000p\000e\000r\000a\000\347\000\365\000e\000s}{section.10.1}% 128
\BOOKMARK [2][-]{subsection.10.1.2}{\376\377\000P\000r\000o\000t\000o\000c\000o\000l\000o\000s\000\040\000C\000o\000m\000p\000l\000e\000x\000o\000s\000\040\000p\000a\000r\000a\000\040\000S\000o\000l\000i\000c\000i\000t\000a\000\347\000\343\000o\000\040\000d\000e\000\040\000A\000u\000t\000o\000r\000i\000z\000a\000\347\000\343\000o}{section.10.1}% 129
\BOOKMARK [1][-]{section.10.2}{\376\377\000L\000i\000m\000i\000t\000a\000\347\000\365\000e\000s\000\040\000O\000r\000\347\000a\000m\000e\000n\000t\000\341\000r\000i\000a\000s\000\040\000e\000\040\000C\000o\000r\000t\000e\000\040\000d\000e\000\040\000V\000e\000r\000b\000a\000s}{chapter.10}% 130
\BOOKMARK [2][-]{subsection.10.2.1}{\376\377\000D\000e\000s\000p\000e\000s\000a\000s\000\040\000E\000l\000e\000v\000a\000d\000a\000s\000\040\000p\000a\000r\000a\000\040\000O\000p\000e\000r\000a\000\347\000\365\000e\000s\000\040\000E\000s\000p\000e\000c\000i\000a\000l\000i\000z\000a\000d\000a\000s}{section.10.2}% 131
\BOOKMARK [2][-]{subsection.10.2.2}{\376\377\000S\000o\000l\000u\000\347\000\365\000e\000s\000\040\000d\000e\000\040\000B\000a\000i\000x\000o\000\040\000C\000u\000s\000t\000o\000\040\000e\000\040\000R\000e\000a\000p\000r\000o\000v\000e\000i\000t\000a\000m\000e\000n\000t\000o\000\040\000d\000e\000\040\000E\000q\000u\000i\000p\000a\000m\000e\000n\000t\000o\000s}{section.10.2}% 132
\BOOKMARK [1][-]{section.10.3}{\376\377\000I\000m\000p\000a\000s\000s\000e\000s\000\040\000P\000o\000l\000\355\000t\000i\000c\000o\000s\000\040\000e\000\040\000a\000\040\000F\000a\000l\000t\000a\000\040\000d\000e\000\040\000C\000o\000m\000p\000r\000e\000e\000n\000s\000\343\000o\000\040\000d\000o\000s\000\040\000G\000e\000s\000t\000o\000r\000e\000s\000\040\000P\000\372\000b\000l\000i\000c\000o\000s}{chapter.10}% 133
\BOOKMARK [2][-]{subsection.10.3.1}{\376\377\000M\000a\000n\000u\000t\000e\000n\000\347\000\343\000o\000\040\000d\000o\000\040\000S\000i\000g\000i\000l\000o\000\040\000e\000\040\000E\000x\000p\000l\000i\000c\000a\000\347\000\343\000o\000\040\000L\000i\000m\000i\000t\000a\000d\000a}{section.10.3}% 134
\BOOKMARK [2][-]{subsection.10.3.2}{\376\377\000E\000s\000t\000r\000a\000t\000\351\000g\000i\000a\000s\000\040\000d\000e\000\040\000R\000e\000l\000a\000\347\000\365\000e\000s\000\040\000P\000\372\000b\000l\000i\000c\000a\000s\000\040\000e\000\040\000P\000e\000r\000s\000u\000a\000s\000\343\000o\000\040\000P\000o\000l\000\355\000t\000i\000c\000a}{section.10.3}% 135
\BOOKMARK [1][-]{section.10.4}{\376\377\000D\000e\000p\000e\000n\000d\000\352\000n\000c\000i\000a\000\040\000d\000e\000\040\000A\000l\000i\000a\000n\000\347\000a\000s\000\040\000I\000n\000f\000o\000r\000m\000a\000i\000s\000\040\000e\000\040\000R\000e\000c\000u\000r\000s\000o\000s\000\040\000E\000x\000t\000e\000r\000n\000o\000s}{chapter.10}% 136
\BOOKMARK [2][-]{subsection.10.4.1}{\376\377\000C\000o\000l\000a\000b\000o\000r\000a\000\347\000\365\000e\000s\000\040\000c\000o\000m\000\040\000I\000n\000s\000t\000i\000t\000u\000i\000\347\000\365\000e\000s\000\040\000A\000c\000a\000d\000\352\000m\000i\000c\000a\000s}{section.10.4}% 137
\BOOKMARK [2][-]{subsection.10.4.2}{\376\377\000A\000p\000o\000i\000o\000\040\000d\000e\000\040\000E\000m\000p\000r\000e\000s\000a\000s\000\040\000P\000r\000i\000v\000a\000d\000a\000s}{section.10.4}% 138
\BOOKMARK [1][-]{section.10.5}{\376\377\000I\000m\000p\000a\000c\000t\000o\000\040\000d\000a\000s\000\040\000L\000i\000m\000i\000t\000a\000\347\000\365\000e\000s\000\040\000n\000o\000\040\000D\000e\000s\000e\000m\000p\000e\000n\000h\000o\000\040\000O\000p\000e\000r\000a\000c\000i\000o\000n\000a\000l}{chapter.10}% 139
\BOOKMARK [1][-]{section.10.6}{\376\377\000C\000o\000n\000s\000i\000d\000e\000r\000a\000\347\000\365\000e\000s\000\040\000F\000i\000n\000a\000i\000s}{chapter.10}% 140
\BOOKMARK [1][-]{section.10.7}{\376\377\000S\000i\000g\000i\000l\000o\000\040\000e\000\040\000S\000e\000g\000u\000r\000a\000n\000\347\000a\000\040\000d\000a\000s\000\040\000I\000n\000f\000o\000r\000m\000a\000\347\000\365\000e\000s}{chapter.10}% 141
\BOOKMARK [0][-]{chapter.11}{\376\377\000R\000e\000l\000a\000\347\000\365\000e\000s\000\040\000I\000n\000t\000e\000r\000n\000a\000c\000i\000o\000n\000a\000i\000s\000\040\000d\000a\000\040\000A\000N\000V\000E\000S\000N}{part.2}% 142
\BOOKMARK [1][-]{section.11.1}{\376\377\000P\000r\000i\000n\000c\000i\000p\000a\000i\000s\000\040\000O\000r\000g\000a\000n\000i\000z\000a\000\347\000\365\000e\000s\000\040\000P\000a\000r\000c\000e\000i\000r\000a\000s}{chapter.11}% 143
\BOOKMARK [2][-]{subsection.11.1.1}{\376\377\000T\000h\000e\000\040\000L\000a\000u\000n\000d\000r\000y\000\040\000\050\000R\000e\000i\000n\000o\000\040\000U\000n\000i\000d\000o\000\051}{section.11.1}% 144
\BOOKMARK [2][-]{subsection.11.1.2}{\376\377\000D\000I\000A\000-\000X\000\040\000\050\000E\000s\000t\000a\000d\000o\000s\000\040\000U\000n\000i\000d\000o\000s\000\051}{section.11.1}% 145
\BOOKMARK [2][-]{subsection.11.1.3}{\376\377\000C\000h\000i\000n\000a\000\040\040\023\000\040\000D\000e\000p\000a\000r\000t\000a\000m\000e\000n\000t\000o\000\040\000d\000e\000\040\000O\000p\000e\000r\000a\000\347\000\365\000e\000s\000\040\000P\000a\000r\000a\000n\000o\000r\000m\000a\000i\000s\000\040\000\050\000D\000O\000P\000\051}{section.11.1}% 146
\BOOKMARK [2][-]{subsection.11.1.4}{\376\377\000R\000\372\000s\000s\000i\000a\000\040\040\023\000\040\000D\000i\000v\000i\000s\000\343\000o\000\040\000d\000e\000\040\000P\000e\000s\000q\000u\000i\000s\000a\000\040\000A\000n\000\364\000m\000a\000l\000a\000\040\000\050\000D\000P\000A\000\051}{section.11.1}% 147
\BOOKMARK [1][-]{section.11.2}{\376\377\000C\000o\000o\000p\000e\000r\000a\000\347\000\343\000o\000\040\000c\000o\000m\000\040\000A\000g\000\352\000n\000c\000i\000a\000s\000\040\000d\000a\000\040\000A\000m\000\351\000r\000i\000c\000a\000\040\000L\000a\000t\000i\000n\000a}{chapter.11}% 148
\BOOKMARK [2][-]{subsection.11.2.1}{\376\377\000A\000r\000g\000e\000n\000t\000i\000n\000a\000\040\040\023\000\040\000U\000n\000i\000d\000a\000d\000e\000\040\000d\000e\000\040\000C\000o\000n\000t\000e\000n\000\347\000\343\000o\000\040\000S\000o\000b\000r\000e\000n\000a\000t\000u\000r\000a\000l\000\040\000\050\000U\000C\000S\000\051}{section.11.2}% 149
\BOOKMARK [2][-]{subsection.11.2.2}{\376\377\000P\000a\000r\000a\000g\000u\000a\000i\000\040\040\023\000\040\000S\000e\000r\000v\000i\000\347\000o\000\040\000P\000a\000r\000a\000n\000o\000r\000m\000a\000l\000\040\000E\000s\000p\000e\000c\000i\000a\000l\000i\000z\000a\000d\000o\000\040\000\050\000S\000P\000E\000\051}{section.11.2}% 150
\BOOKMARK [2][-]{subsection.11.2.3}{\376\377\000B\000o\000l\000\355\000v\000i\000a\000\040\040\023\000\040\000U\000n\000i\000d\000a\000d\000e\000\040\000d\000e\000\040\000M\000o\000n\000i\000t\000o\000r\000a\000m\000e\000n\000t\000o\000\040\000P\000a\000r\000a\000n\000o\000r\000m\000a\000l\000\040\000\050\000U\000M\000P\000\051}{section.11.2}% 151
\BOOKMARK [2][-]{subsection.11.2.4}{\376\377\000C\000o\000l\000\364\000m\000b\000i\000a\000\040\040\023\000\040\000F\000o\000r\000\347\000a\000\040\000d\000e\000\040\000C\000o\000n\000t\000e\000n\000\347\000\343\000o\000\040\000O\000c\000u\000l\000t\000a\000\040\000\050\000F\000C\000O\000\051}{section.11.2}% 152
\BOOKMARK [2][-]{subsection.11.2.5}{\376\377\000P\000e\000r\000u\000\040\040\023\000\040\000I\000n\000s\000t\000i\000t\000u\000t\000o\000\040\000N\000a\000c\000i\000o\000n\000a\000l\000\040\000d\000e\000\040\000E\000s\000t\000u\000d\000o\000s\000\040\000M\000\355\000s\000t\000i\000c\000o\000s\000\040\000\050\000I\000N\000E\000M\000\051}{section.11.2}% 153
\BOOKMARK [2][-]{subsection.11.2.6}{\376\377\000C\000h\000i\000l\000e\000\040\040\023\000\040\000D\000e\000p\000a\000r\000t\000a\000m\000e\000n\000t\000o\000\040\000d\000e\000\040\000C\000o\000n\000t\000e\000n\000\347\000\343\000o\000\040\000P\000a\000r\000a\000n\000o\000r\000m\000a\000l\000\040\000\050\000D\000C\000P\000\051}{section.11.2}% 154
\BOOKMARK [1][-]{section.11.3}{\376\377\000C\000o\000l\000a\000b\000o\000r\000a\000\347\000\365\000e\000s\000\040\000c\000o\000m\000\040\000O\000r\000g\000a\000n\000i\000z\000a\000\347\000\365\000e\000s\000\040\000I\000n\000t\000e\000r\000n\000a\000c\000i\000o\000n\000a\000i\000s\000\040\000n\000a\000\040\000\301\000f\000r\000i\000c\000a\000,\000\040\000\301\000s\000i\000a\000\040\000e\000\040\000C\000a\000r\000i\000b\000e}{chapter.11}% 155
\BOOKMARK [2][-]{subsection.11.3.1}{\376\377\000\301\000f\000r\000i\000c\000a\000\040\000d\000o\000\040\000S\000u\000l\000\040\040\023\000\040\000U\000n\000i\000d\000a\000d\000e\000\040\000d\000e\000\040\000I\000n\000v\000e\000s\000t\000i\000g\000a\000\347\000\343\000o\000\040\000S\000o\000b\000r\000e\000n\000a\000t\000u\000r\000a\000l\000\040\000\050\000U\000I\000S\000\051}{section.11.3}% 156
\BOOKMARK [2][-]{subsection.11.3.2}{\376\377\000C\000u\000b\000a\000\040\040\023\000\040\000O\000f\000i\000c\000i\000n\000a\000\040\000d\000e\000\040\000I\000n\000v\000e\000s\000t\000i\000g\000a\000\347\000\343\000o\000\040\000e\000\040\000C\000o\000n\000t\000e\000n\000\347\000\343\000o\000\040\000P\000a\000r\000a\000n\000o\000r\000m\000a\000l\000\040\000\050\000O\000I\000C\000P\000\051}{section.11.3}% 157
\BOOKMARK [2][-]{subsection.11.3.3}{\376\377\000\315\000n\000d\000i\000a\000\040\040\023\000\040\000D\000e\000p\000a\000r\000t\000a\000m\000e\000n\000t\000o\000\040\000d\000e\000\040\000E\000s\000t\000u\000d\000o\000s\000\040\000O\000c\000u\000l\000t\000o\000s\000\040\000e\000\040\000P\000a\000r\000a\000n\000o\000r\000m\000a\000i\000s\000\040\000\050\000D\000E\000O\000P\000\051}{section.11.3}% 158
\BOOKMARK [1][-]{section.11.4}{\376\377\000C\000o\000n\000s\000i\000d\000e\000r\000a\000\347\000\365\000e\000s\000\040\000F\000i\000n\000a\000i\000s}{chapter.11}% 159
\BOOKMARK [-1][-]{part.3}{\376\377\000I\000I\000I\000\040\000C\000a\000s\000o\000s\000\040\000F\000a\000m\000o\000s\000o\000s}{}% 160
\BOOKMARK [0][-]{chapter.12}{\376\377\000O\000\040\000C\000a\000s\000o\000\040\000d\000o\000\040\000E\000T\000\040\000d\000e\000\040\000V\000a\000r\000g\000i\000n\000h\000a\000:\000\040\000U\000m\000\040\000G\000r\000a\000n\000d\000e\000\040\000C\000a\000s\000o\000\040\000d\000e\000\040\000S\000u\000c\000e\000s\000s\000o\000\040\000d\000a\000\040\000A\000N\000V\000E\000S\000N}{part.3}% 161
\BOOKMARK [1][-]{section.12.1}{\376\377\000\040\000A\000n\000t\000e\000c\000e\000d\000e\000n\000t\000e\000s}{chapter.12}% 162
\BOOKMARK [1][-]{section.12.2}{\376\377\000\040\000P\000r\000i\000m\000e\000i\000r\000o\000s\000\040\000E\000v\000e\000n\000t\000o\000s\000\040\000e\000\040\000R\000e\000l\000a\000t\000o\000s}{chapter.12}% 163
\BOOKMARK [1][-]{section.12.3}{\376\377\000\040\000M\000o\000b\000i\000l\000i\000z\000a\000\347\000\343\000o\000\040\000e\000\040\000R\000e\000s\000p\000o\000s\000t\000a\000\040\000d\000a\000\040\000A\000N\000V\000E\000S\000N}{chapter.12}% 164
\BOOKMARK [2][-]{subsection.12.3.1}{\376\377\000C\000o\000o\000p\000e\000r\000a\000\347\000\343\000o\000\040\000c\000o\000m\000\040\000a\000s\000\040\000F\000o\000r\000\347\000a\000s\000\040\000A\000r\000m\000a\000d\000a\000s}{section.12.3}% 165
\BOOKMARK [2][-]{subsection.12.3.2}{\376\377\000E\000q\000u\000i\000p\000a\000m\000e\000n\000t\000o\000s\000\040\000U\000t\000i\000l\000i\000z\000a\000d\000o\000s\000\040\000e\000\040\000P\000r\000o\000c\000e\000d\000i\000m\000e\000n\000t\000o\000s\000\040\000d\000e\000\040\000I\000n\000v\000e\000s\000t\000i\000g\000a\000\347\000\343\000o}{section.12.3}% 166
\BOOKMARK [1][-]{section.12.4}{\376\377\000\040\000E\000s\000c\000a\000l\000a\000d\000a\000\040\000e\000\040\000P\000o\000n\000t\000o\000\040\000C\000r\000\355\000t\000i\000c\000o}{chapter.12}% 167
\BOOKMARK [1][-]{section.12.5}{\376\377\000\040\000R\000e\000s\000o\000l\000u\000\347\000\343\000o\000\040\000e\000\040\000C\000o\000n\000s\000e\000q\000u\000\352\000n\000c\000i\000a\000s\000\040\000I\000m\000e\000d\000i\000a\000t\000a\000s}{chapter.12}% 168
\BOOKMARK [2][-]{subsection.12.5.1}{\376\377\000D\000e\000s\000t\000i\000n\000o\000\040\000d\000a\000s\000\040\000C\000r\000i\000a\000t\000u\000r\000a\000s\000\040\000e\000\040\000d\000o\000s\000\040\000E\000q\000u\000i\000p\000a\000m\000e\000n\000t\000o\000s}{section.12.5}% 169
\BOOKMARK [2][-]{subsection.12.5.2}{\376\377\000O\000c\000o\000r\000r\000\352\000n\000c\000i\000a\000s\000\040\000c\000o\000m\000\040\000T\000e\000s\000t\000e\000m\000u\000n\000h\000a\000s}{section.12.5}% 170
\BOOKMARK [1][-]{section.12.6}{\376\377\000\040\000A\000n\000\341\000l\000i\000s\000e\000\040\000e\000\040\000L\000i\000\347\000\365\000e\000s\000\040\000A\000p\000r\000e\000n\000d\000i\000d\000a\000s}{chapter.12}% 171
\BOOKMARK [1][-]{section.12.7}{\376\377\000\040\000E\000f\000e\000i\000t\000o\000s\000\040\000n\000a\000\040\000R\000e\000a\000l\000i\000d\000a\000d\000e\000\040\000A\000t\000u\000a\000l}{chapter.12}% 172
\BOOKMARK [2][-]{subsection.12.7.1}{\376\377\000I\000m\000p\000a\000c\000t\000o\000\040\000n\000o\000\040\000S\000i\000g\000i\000l\000o\000\040\000e\000\040\000n\000a\000\040\000O\000p\000i\000n\000i\000\343\000o\000\040\000P\000\372\000b\000l\000i\000c\000a}{section.12.7}% 173
\BOOKMARK [2][-]{subsection.12.7.2}{\376\377\000C\000o\000n\000s\000e\000q\000u\000\352\000n\000c\000i\000a\000s\000\040\000p\000a\000r\000a\000\040\000a\000\040\000C\000i\000d\000a\000d\000e\000\040\000d\000e\000\040\000V\000a\000r\000g\000i\000n\000h\000a}{section.12.7}% 174
\BOOKMARK [2][-]{subsection.12.7.3}{\376\377\000I\000m\000p\000l\000i\000c\000a\000\347\000\365\000e\000s\000\040\000p\000a\000r\000a\000\040\000O\000p\000e\000r\000a\000\347\000\365\000e\000s\000\040\000F\000u\000t\000u\000r\000a\000s}{section.12.7}% 175
