\BOOKMARK [0][-]{chapter.1}{\376\377\000B\000l\000o\000g\000\040\000V\000e\000r\000d\000a\000d\000e\000\040\000P\000a\000r\000a\000n\000o\000r\000m\000a\000l}{}% 1
\BOOKMARK [1][-]{section.1.1}{\376\377\000D\000e\000s\000c\000r\000i\000\347\000\343\000o}{chapter.1}% 2
\BOOKMARK [1][-]{section.1.2}{\376\377\000P\000r\000o\000p\000\363\000s\000i\000t\000o}{chapter.1}% 3
\BOOKMARK [1][-]{section.1.3}{\376\377\000I\000n\000s\000t\000r\000u\000\347\000\365\000e\000s\000\040\000O\000p\000e\000r\000a\000c\000i\000o\000n\000a\000i\000s}{chapter.1}% 4
\BOOKMARK [0][-]{chapter.2}{\376\377\000J\000o\000r\000n\000a\000l\000\040\000`\000`\000O\000\040\000P\000a\000\355\000s\000'\000'}{}% 5
\BOOKMARK [1][-]{section.2.1}{\376\377\000D\000e\000s\000c\000r\000i\000\347\000\343\000o}{chapter.2}% 6
\BOOKMARK [1][-]{section.2.2}{\376\377\000P\000r\000o\000p\000\363\000s\000i\000t\000o}{chapter.2}% 7
\BOOKMARK [1][-]{section.2.3}{\376\377\000I\000n\000s\000t\000r\000u\000\347\000\365\000e\000s\000\040\000O\000p\000e\000r\000a\000c\000i\000o\000n\000a\000i\000s}{chapter.2}% 8
\BOOKMARK [0][-]{chapter.3}{\376\377\000H\000o\000s\000p\000i\000t\000a\000l\000\040\000S\000a\000n\000t\000o\000\040\000A\000r\000c\000a\000n\000o}{}% 9
\BOOKMARK [1][-]{section.3.1}{\376\377\000D\000e\000s\000c\000r\000i\000\347\000\343\000o}{chapter.3}% 10
\BOOKMARK [1][-]{section.3.2}{\376\377\000P\000r\000o\000p\000\363\000s\000i\000t\000o}{chapter.3}% 11
\BOOKMARK [1][-]{section.3.3}{\376\377\000I\000n\000s\000t\000r\000u\000\347\000\365\000e\000s\000\040\000O\000p\000e\000r\000a\000c\000i\000o\000n\000a\000i\000s}{chapter.3}% 12
\BOOKMARK [0][-]{chapter.4}{\376\377\000A\000g\000\352\000n\000c\000i\000a\000\040\000d\000e\000\040\000T\000u\000r\000i\000s\000m\000o\000\040\000M\000\355\000s\000t\000i\000c\000o}{}% 13
\BOOKMARK [1][-]{section.4.1}{\376\377\000D\000e\000s\000c\000r\000i\000\347\000\343\000o}{chapter.4}% 14
\BOOKMARK [1][-]{section.4.2}{\376\377\000P\000r\000o\000p\000\363\000s\000i\000t\000o}{chapter.4}% 15
\BOOKMARK [1][-]{section.4.3}{\376\377\000I\000n\000s\000t\000r\000u\000\347\000\365\000e\000s\000\040\000O\000p\000e\000r\000a\000c\000i\000o\000n\000a\000i\000s}{chapter.4}% 16
\BOOKMARK [0][-]{chapter.5}{\376\377\000L\000a\000b\000o\000r\000a\000t\000\363\000r\000i\000o\000\040\000F\000a\000r\000m\000a\000c\000\352\000u\000t\000i\000c\000o\000\040\000R\000a\000m\000o\000n\000e\000s}{}% 17
\BOOKMARK [1][-]{section.5.1}{\376\377\000D\000e\000s\000c\000r\000i\000\347\000\343\000o}{chapter.5}% 18
\BOOKMARK [1][-]{section.5.2}{\376\377\000P\000r\000o\000p\000\363\000s\000i\000t\000o}{chapter.5}% 19
\BOOKMARK [1][-]{section.5.3}{\376\377\000I\000n\000s\000t\000r\000u\000\347\000\365\000e\000s\000\040\000O\000p\000e\000r\000a\000c\000i\000o\000n\000a\000i\000s}{chapter.5}% 20
\BOOKMARK [0][-]{chapter.6}{\376\377\000I\000g\000r\000e\000j\000a\000\040\000N\000e\000o\000p\000e\000n\000t\000e\000c\000o\000s\000t\000a\000l\000\040\000`\000`\000I\000g\000r\000e\000j\000a\000\040\000d\000o\000\040\000C\000a\000m\000i\000n\000h\000o\000\040\000d\000a\000\040\000F\000\351\000'\000'}{}% 21
\BOOKMARK [1][-]{section.6.1}{\376\377\000D\000e\000s\000c\000r\000i\000\347\000\343\000o}{chapter.6}% 22
\BOOKMARK [1][-]{section.6.2}{\376\377\000P\000r\000o\000p\000\363\000s\000i\000t\000o}{chapter.6}% 23
\BOOKMARK [1][-]{section.6.3}{\376\377\000I\000n\000s\000t\000r\000u\000\347\000\365\000e\000s\000\040\000O\000p\000e\000r\000a\000c\000i\000o\000n\000a\000i\000s}{chapter.6}% 24
\BOOKMARK [0][-]{chapter.7}{\376\377\000B\000a\000t\000a\000l\000h\000\343\000o\000\040\000d\000e\000\040\000O\000p\000e\000r\000a\000\347\000\365\000e\000s\000\040\000d\000e\000\040\000A\000p\000o\000i\000o\000\040\000a\000o\000s\000\040\000C\000i\000v\000i\000s}{}% 25
\BOOKMARK [1][-]{section.7.1}{\376\377\000D\000e\000s\000c\000r\000i\000\347\000\343\000o}{chapter.7}% 26
\BOOKMARK [1][-]{section.7.2}{\376\377\000P\000r\000o\000p\000\363\000s\000i\000t\000o}{chapter.7}% 27
\BOOKMARK [1][-]{section.7.3}{\376\377\000I\000n\000s\000t\000r\000u\000\347\000\365\000e\000s\000\040\000O\000p\000e\000r\000a\000c\000i\000o\000n\000a\000i\000s}{chapter.7}% 28
\BOOKMARK [1][-]{section.7.4}{\376\377\000E\000x\000e\000m\000p\000l\000o\000s\000\040\000d\000e\000\040\000O\000p\000e\000r\000a\000\347\000\365\000e\000s}{chapter.7}% 29
\BOOKMARK [0][-]{chapter.8}{\376\377\000R\000e\000c\000e\000i\000t\000a\000\040\000F\000e\000d\000e\000r\000a\000l}{}% 30
\BOOKMARK [1][-]{section.8.1}{\376\377\000D\000e\000s\000c\000r\000i\000\347\000\343\000o}{chapter.8}% 31
\BOOKMARK [1][-]{section.8.2}{\376\377\000P\000r\000o\000p\000\363\000s\000i\000t\000o}{chapter.8}% 32
\BOOKMARK [1][-]{section.8.3}{\376\377\000I\000n\000s\000t\000r\000u\000\347\000\365\000e\000s\000\040\000O\000p\000e\000r\000a\000c\000i\000o\000n\000a\000i\000s}{chapter.8}% 33
\BOOKMARK [0][-]{chapter.9}{\376\377\000D\000e\000s\000t\000a\000c\000a\000m\000e\000n\000t\000o\000\040\000d\000e\000\040\000C\000o\000n\000t\000r\000o\000l\000e\000\040\000d\000o\000\040\000E\000s\000p\000a\000\347\000o\000\040\000A\000\351\000r\000e\000o\000\040\000N\000a\000c\000i\000o\000n\000a\000l}{}% 34
\BOOKMARK [1][-]{section.9.1}{\376\377\000D\000e\000s\000c\000r\000i\000\347\000\343\000o}{chapter.9}% 35
\BOOKMARK [1][-]{section.9.2}{\376\377\000P\000r\000o\000p\000\363\000s\000i\000t\000o}{chapter.9}% 36
\BOOKMARK [1][-]{section.9.3}{\376\377\000I\000n\000s\000t\000r\000u\000\347\000\365\000e\000s\000\040\000O\000p\000e\000r\000a\000c\000i\000o\000n\000a\000i\000s}{chapter.9}% 37
\BOOKMARK [0][-]{chapter.10}{\376\377\000L\000o\000j\000a\000\040\000d\000e\000\040\000O\000b\000j\000e\000t\000o\000s\000\040\000A\000n\000t\000i\000g\000o\000s}{}% 38
\BOOKMARK [1][-]{section.10.1}{\376\377\000D\000e\000s\000c\000r\000i\000\347\000\343\000o}{chapter.10}% 39
\BOOKMARK [1][-]{section.10.2}{\376\377\000P\000r\000o\000p\000\363\000s\000i\000t\000o}{chapter.10}% 40
\BOOKMARK [1][-]{section.10.3}{\376\377\000I\000n\000s\000t\000r\000u\000\347\000\365\000e\000s\000\040\000O\000p\000e\000r\000a\000c\000i\000o\000n\000a\000i\000s}{chapter.10}% 41
