\BOOKMARK [0][-]{chapter.1}{\376\377\000I\000n\000t\000r\000o\000d\000u\000\347\000\343\000o}{}% 1
\BOOKMARK [1][-]{section.1.1}{\376\377\000I\000n\000\355\000c\000i\000o}{chapter.1}% 2
\BOOKMARK [0][-]{chapter.2}{\376\377\000A\000\040\000M\000i\000s\000s\000\343\000o}{}% 3
\BOOKMARK [1][-]{section.2.1}{\376\377\000O\000b\000j\000e\000t\000i\000v\000o\000:\000\040\000V\000e\000r\000i\000f\000i\000c\000a\000r\000\040\000a\000\040\000A\000s\000s\000o\000m\000b\000r\000a\000\347\000\343\000o\000\040\000n\000o\000\040\000C\000e\000m\000i\000t\000\351\000r\000i\000o}{chapter.2}% 4
\BOOKMARK [1][-]{section.2.2}{\376\377\000B\000r\000i\000e\000f\000i\000n\000g\000\040\000d\000a\000\040\000C\000i\000d\000a\000d\000e\000:\000\040\000B\000a\000r\000r\000a\000\040\000d\000a\000s\000\040\000G\000a\000r\000\347\000a\000s}{chapter.2}% 5
\BOOKMARK [1][-]{section.2.3}{\376\377\000I\000n\000f\000o\000r\000m\000a\000\347\000\365\000e\000s\000\040\000P\000r\000\341\000t\000i\000c\000a\000s\000\040\000e\000\040\000R\000u\000m\000o\000r\000e\000s\000\040\000M\000\355\000s\000t\000i\000c\000o\000s}{chapter.2}% 6
\BOOKMARK [1][-]{section.2.4}{\376\377\000A\000\347\000\343\000o\000\040\000I\000n\000i\000c\000i\000a\000l\000\040\000d\000a\000\040\000M\000i\000s\000s\000\343\000o}{chapter.2}% 7
\BOOKMARK [0][-]{chapter.3}{\376\377\000L\000o\000c\000a\000\347\000\365\000e\000s\000\040\000e\000\040\000D\000e\000s\000c\000r\000i\000\347\000\343\000o}{}% 8
\BOOKMARK [1][-]{section.3.1}{\376\377\000P\000r\000a\000\347\000a\000\040\000C\000e\000n\000t\000r\000a\000l\000\040\000e\000\040\000a\000\040\000V\000e\000n\000d\000a\000\040\000d\000a\000\040\000D\000.\000\040\000L\000u\000r\000d\000i\000n\000h\000a}{chapter.3}% 9
\BOOKMARK [2][-]{subsection.3.1.1}{\376\377\000A\000\040\000v\000e\000n\000d\000a\000\040\000d\000e\000\040\000D\000.\000\040\000L\000u\000r\000d\000i\000n\000h\000a}{section.3.1}% 10
\BOOKMARK [2][-]{subsection.3.1.2}{\376\377\000O\000s\000\040\000j\000o\000g\000a\000d\000o\000r\000e\000s\000\040\000d\000e\000\040\000d\000o\000m\000i\000n\000\363}{section.3.1}% 11
\BOOKMARK [1][-]{section.3.2}{\376\377\000I\000n\000t\000e\000r\000i\000o\000r\000\040\000d\000a\000\040\000E\000n\000t\000r\000a\000d\000a\000\040\000S\000e\000c\000r\000e\000t\000a\000\040\000p\000a\000r\000a\000\040\000o\000\040\000I\000n\000t\000r\000a\000t\000e\000r\000r\000a}{chapter.3}% 12
\BOOKMARK [2][-]{subsection.3.2.1}{\376\377\000S\000a\000l\000a\000s\000\040\000d\000a\000\040\000C\000a\000v\000e\000r\000n\000a}{section.3.2}% 13
\BOOKMARK [1][-]{section.3.3}{\376\377\000D\000i\000s\000c\000\363\000d\000r\000o\000m\000o}{chapter.3}% 14
\BOOKMARK [2][-]{subsection.3.3.1}{\376\377\000I\000t\000e\000n\000s\000\040\000e\000\040\000P\000i\000s\000t\000a\000s}{section.3.3}% 15
\BOOKMARK [2][-]{subsection.3.3.2}{\376\377\000C\000l\000\341\000u\000d\000i\000a\000,\000\040\000a\000\040\000D\000J}{section.3.3}% 16
\BOOKMARK [1][-]{section.3.4}{\376\377\000P\000r\000e\000f\000e\000i\000t\000u\000r\000a}{chapter.3}% 17
\BOOKMARK [2][-]{subsection.3.4.1}{\376\377\000I\000t\000e\000n\000s\000\040\000e\000\040\000P\000i\000s\000t\000a\000s}{section.3.4}% 18
\BOOKMARK [1][-]{section.3.5}{\376\377\000B\000i\000b\000l\000i\000o\000t\000e\000c\000a\000\040\000M\000u\000n\000i\000c\000i\000p\000a\000l\000\040\000d\000e\000\040\000B\000a\000r\000r\000a\000\040\000d\000o\000\040\000G\000a\000r\000\347\000a\000s}{chapter.3}% 19
\BOOKMARK [2][-]{subsection.3.5.1}{\376\377\000\301\000r\000e\000a\000s\000\040\000P\000r\000i\000n\000c\000i\000p\000a\000i\000s\000\040\000d\000a\000\040\000B\000i\000b\000l\000i\000o\000t\000e\000c\000a}{section.3.5}% 20
\BOOKMARK [2][-]{subsection.3.5.2}{\376\377\000P\000e\000r\000s\000o\000n\000a\000g\000e\000n\000s\000\040\000d\000a\000\040\000B\000i\000b\000l\000i\000o\000t\000e\000c\000a}{section.3.5}% 21
\BOOKMARK [2][-]{subsection.3.5.3}{\376\377\000I\000t\000e\000n\000s\000\040\000e\000\040\000P\000i\000s\000t\000a\000s\000\040\000n\000a\000\040\000B\000i\000b\000l\000i\000o\000t\000e\000c\000a}{section.3.5}% 22
\BOOKMARK [2][-]{subsection.3.5.4}{\376\377\000I\000n\000t\000e\000r\000a\000\347\000\343\000o\000\040\000c\000o\000m\000\040\000a\000\040\000B\000i\000b\000l\000i\000o\000t\000e\000c\000a}{section.3.5}% 23
\BOOKMARK [1][-]{section.3.6}{\376\377\000F\000l\000o\000r\000e\000s\000t\000a}{chapter.3}% 24
\BOOKMARK [2][-]{subsection.3.6.1}{\376\377\000I\000t\000e\000n\000s\000\040\000e\000\040\000P\000i\000s\000t\000a\000s}{section.3.6}% 25
\BOOKMARK [2][-]{subsection.3.6.2}{\376\377\000A\000\040\000L\000a\000g\000o\000a\000\040\000d\000o\000\040\000P\000o\000d\000e\000r}{section.3.6}% 26
\BOOKMARK [1][-]{section.3.7}{\376\377\000D\000e\000l\000e\000g\000a\000c\000i\000a\000\040\000d\000e\000\040\000B\000a\000r\000r\000a\000\040\000d\000o\000\040\000G\000a\000r\000\347\000a\000s}{chapter.3}% 27
\BOOKMARK [2][-]{subsection.3.7.1}{\376\377\000P\000e\000r\000s\000o\000n\000a\000g\000e\000n\000s\000\040\000d\000a\000\040\000D\000e\000l\000e\000g\000a\000c\000i\000a}{section.3.7}% 28
\BOOKMARK [1][-]{section.3.8}{\376\377\000J\000o\000r\000n\000a\000l\000\040\000`\000`\000O\000\040\000A\000r\000a\000g\000u\000a\000i\000a\000'\000'}{chapter.3}% 29
\BOOKMARK [2][-]{subsection.3.8.1}{\376\377\000V\000e\000r\000e\000a\000d\000o\000r\000\040\000-\000\040\000M\000i\000g\000u\000e\000l\000\040\000R\000o\000c\000h\000a}{section.3.8}% 30
\BOOKMARK [2][-]{subsection.3.8.2}{\376\377\000J\000o\000r\000n\000a\000l\000i\000s\000t\000a\000s\000\040\000d\000e\000\040\000`\000`\000O\000\040\000A\000r\000a\000g\000u\000a\000i\000a\000'\000'}{section.3.8}% 31
\BOOKMARK [2][-]{subsection.3.8.3}{\376\377\000A\000r\000q\000u\000i\000v\000o\000\040\000d\000e\000\040\000`\000`\000O\000\040\000A\000r\000a\000g\000u\000a\000i\000a\000'\000'}{section.3.8}% 32
\BOOKMARK [1][-]{section.3.9}{\376\377\000B\000a\000r\000e\000s\000\040\000e\000\040\000R\000e\000s\000t\000a\000u\000r\000a\000n\000t\000e\000s}{chapter.3}% 33
\BOOKMARK [2][-]{subsection.3.9.1}{\376\377\000B\000a\000r\000\040\000'\000O\000\040\000T\000i\000r\000a\000-\000G\000o\000s\000t\000o\000'}{section.3.9}% 34
\BOOKMARK [2][-]{subsection.3.9.2}{\376\377\000B\000a\000r\000\040\000`\000`\000L\000u\000a\000\040\000C\000h\000e\000i\000a\000'\000'}{section.3.9}% 35
\BOOKMARK [2][-]{subsection.3.9.3}{\376\377\000B\000a\000r\000\040\000`\000`\000C\000a\000c\000h\000o\000e\000i\000r\000a\000\040\000d\000o\000\040\000R\000o\000n\000c\000a\000d\000o\000r\000'\000'}{section.3.9}% 36
\BOOKMARK [2][-]{subsection.3.9.4}{\376\377\000R\000e\000s\000t\000a\000u\000r\000a\000n\000t\000e\000\040\000`\000`\000S\000a\000b\000o\000r\000\040\000d\000a\000\040\000T\000e\000r\000r\000a\000'\000'}{section.3.9}% 37
\BOOKMARK [2][-]{subsection.3.9.5}{\376\377\000R\000e\000s\000t\000a\000u\000r\000a\000n\000t\000e\000\040\000`\000`\000T\000e\000m\000p\000e\000r\000o\000s\000\040\000d\000o\000\040\000C\000e\000r\000r\000a\000d\000o\000'\000'}{section.3.9}% 38
\BOOKMARK [1][-]{section.3.10}{\376\377\000C\000e\000n\000t\000r\000o\000s\000\040\000d\000e\000\040\000S\000a\000\372\000d\000e\000\040\000e\000\040\000o\000\040\000H\000o\000s\000p\000i\000t\000a\000l}{chapter.3}% 39
\BOOKMARK [2][-]{subsection.3.10.1}{\376\377\000H\000o\000s\000p\000i\000t\000a\000l\000\040\000S\000a\000n\000t\000o\000\040\000A\000r\000c\000a\000n\000o}{section.3.10}% 40
\BOOKMARK [2][-]{subsection.3.10.2}{\376\377\000C\000l\000\355\000n\000i\000c\000a\000\040\000H\000o\000l\000\355\000s\000t\000i\000c\000a\000\040\000L\000u\000a\000\040\000d\000e\000\040\000P\000r\000a\000t\000a}{section.3.10}% 41
\BOOKMARK [2][-]{subsection.3.10.3}{\376\377\000C\000l\000\355\000n\000i\000c\000a\000\040\000P\000s\000i\000c\000o\000l\000\363\000g\000i\000c\000a\000\040\000M\000e\000n\000t\000e\000\040\000S\000e\000r\000e\000n\000o}{section.3.10}% 42
\BOOKMARK [2][-]{subsection.3.10.4}{\376\377\000C\000l\000\355\000n\000i\000c\000a\000\040\000V\000e\000t\000e\000r\000i\000n\000\341\000r\000i\000a\000\040\000A\000n\000i\000m\000a\000i\000s\000\040\000S\000a\000g\000r\000a\000d\000o\000s}{section.3.10}% 43
\BOOKMARK [2][-]{subsection.3.10.5}{\376\377\000C\000o\000n\000s\000i\000d\000e\000r\000a\000\347\000\365\000e\000s\000\040\000F\000i\000n\000a\000i\000s}{section.3.10}% 44
\BOOKMARK [0][-]{chapter.4}{\376\377\000L\000o\000c\000a\000i\000s\000\040\000R\000e\000l\000i\000g\000i\000o\000s\000o\000s}{}% 45
\BOOKMARK [1][-]{section.4.1}{\376\377\000C\000e\000m\000i\000t\000\351\000r\000i\000o}{chapter.4}% 46
\BOOKMARK [2][-]{subsection.4.1.1}{\376\377\000I\000t\000e\000n\000s\000\040\000e\000\040\000P\000i\000s\000t\000a\000s}{section.4.1}% 47
\BOOKMARK [2][-]{subsection.4.1.2}{\376\377\000E\000n\000t\000r\000a\000d\000a\000\040\000d\000o\000\040\000I\000n\000t\000r\000a\000t\000e\000r\000r\000a}{section.4.1}% 48
\BOOKMARK [2][-]{subsection.4.1.3}{\376\377\000C\000e\000n\000a\000s\000\040\000d\000e\000\040\000A\000s\000s\000o\000m\000b\000r\000a\000\347\000\343\000o\000\040\000n\000o\000\040\000C\000e\000m\000i\000t\000\351\000r\000i\000o}{section.4.1}% 49
\BOOKMARK [2][-]{subsection.4.1.4}{\376\377\000N\000P\000C\000s}{section.4.1}% 50
\BOOKMARK [1][-]{section.4.2}{\376\377\000I\000g\000r\000e\000j\000a\000\040\000d\000e\000\040\000S\000\343\000o\000\040\000M\000i\000g\000u\000e\000l}{chapter.4}% 51
\BOOKMARK [2][-]{subsection.4.2.1}{\376\377\000E\000n\000t\000r\000a\000d\000a\000\040\000e\000\040\000F\000o\000y\000e\000r}{section.4.2}% 52
\BOOKMARK [2][-]{subsection.4.2.2}{\376\377\000N\000a\000v\000e\000\040\000C\000e\000n\000t\000r\000a\000l\000\040\000e\000\040\000P\000e\000w\000s}{section.4.2}% 53
\BOOKMARK [2][-]{subsection.4.2.3}{\376\377\000C\000a\000p\000e\000l\000a\000\040\000d\000e\000\040\000O\000r\000a\000\347\000\343\000o\000\040\000P\000r\000i\000v\000a\000d\000a}{section.4.2}% 54
\BOOKMARK [2][-]{subsection.4.2.4}{\376\377\000S\000a\000c\000r\000i\000s\000t\000i\000a}{section.4.2}% 55
\BOOKMARK [2][-]{subsection.4.2.5}{\376\377\000A\000l\000t\000a\000r\000\040\000e\000\040\000\301\000r\000e\000a\000\040\000d\000o\000\040\000S\000a\000n\000t\000u\000\341\000r\000i\000o}{section.4.2}% 56
\BOOKMARK [2][-]{subsection.4.2.6}{\376\377\000V\000i\000t\000r\000a\000i\000s\000\040\000e\000\040\000V\000e\000l\000a\000s}{section.4.2}% 57
\BOOKMARK [2][-]{subsection.4.2.7}{\376\377\000T\000o\000r\000r\000e\000\040\000d\000o\000\040\000S\000i\000n\000o}{section.4.2}% 58
\BOOKMARK [2][-]{subsection.4.2.8}{\376\377\000I\000t\000e\000n\000s\000\040\000e\000\040\000P\000i\000s\000t\000a\000s\000\040\000n\000a\000\040\000I\000g\000r\000e\000j\000a\000\040\000d\000e\000\040\000S\000\343\000o\000\040\000M\000i\000g\000u\000e\000l}{section.4.2}% 59
\BOOKMARK [2][-]{subsection.4.2.9}{\376\377\000R\000e\000s\000u\000m\000o}{section.4.2}% 60
\BOOKMARK [2][-]{subsection.4.2.10}{\376\377\000N\000P\000C\000s\000\040\000d\000a\000\040\000I\000g\000r\000e\000j\000a\000\040\000d\000e\000\040\000S\000\343\000o\000\040\000M\000i\000g\000u\000e\000l}{section.4.2}% 61
\BOOKMARK [1][-]{section.4.3}{\376\377\000I\000r\000m\000a\000n\000d\000a\000d\000e\000\040\000d\000e\000\040\000S\000\343\000o\000\040\000J\000e\000r\000\364\000n\000i\000m\000o}{chapter.4}% 62
\BOOKMARK [2][-]{subsection.4.3.1}{\376\377\000O\000\040\000P\000r\000\351\000d\000i\000o\000\040\000d\000a\000\040\000I\000r\000m\000a\000n\000d\000a\000d\000e}{section.4.3}% 63
\BOOKMARK [2][-]{subsection.4.3.2}{\376\377\000P\000e\000r\000s\000o\000n\000a\000g\000e\000n\000s\000\040\000d\000a\000\040\000I\000r\000m\000a\000n\000d\000a\000d\000e}{section.4.3}% 64
\BOOKMARK [1][-]{section.4.4}{\376\377\000R\000e\000l\000i\000g\000i\000\365\000e\000s\000\040\000A\000f\000r\000o\000d\000e\000s\000c\000e\000n\000d\000e\000n\000t\000e\000s\000\040\000e\000m\000\040\000B\000a\000r\000r\000a\000\040\000d\000a\000s\000\040\000G\000a\000r\000\347\000a\000s}{chapter.4}% 65
\BOOKMARK [2][-]{subsection.4.4.1}{\376\377\000T\000e\000r\000r\000e\000i\000r\000o\000\040\000d\000e\000\040\000P\000a\000i\000\040\000J\000o\000r\000g\000e}{section.4.4}% 66
\BOOKMARK [1][-]{section.4.5}{\376\377\000O\000u\000t\000r\000a\000s\000\040\000I\000g\000r\000e\000j\000a\000s\000\040\000d\000e\000\040\000B\000a\000r\000r\000a\000\040\000d\000a\000s\000\040\000G\000a\000r\000\347\000a\000s}{chapter.4}% 67
\BOOKMARK [2][-]{subsection.4.5.1}{\376\377\000I\000g\000r\000e\000j\000a\000\040\000d\000e\000\040\000S\000a\000n\000t\000a\000\040\000C\000l\000a\000r\000a}{section.4.5}% 68
\BOOKMARK [2][-]{subsection.4.5.2}{\376\377\000C\000a\000p\000e\000l\000a\000\040\000d\000e\000\040\000N\000o\000s\000s\000a\000\040\000S\000e\000n\000h\000o\000r\000a\000\040\000d\000a\000s\000\040\000D\000o\000r\000e\000s}{section.4.5}% 69
\BOOKMARK [1][-]{section.4.6}{\376\377\000C\000o\000m\000u\000n\000i\000d\000a\000d\000e\000s\000\040\000E\000v\000a\000n\000g\000\351\000l\000i\000c\000a\000s\000\040\000e\000m\000\040\000B\000a\000r\000r\000a\000\040\000d\000a\000s\000\040\000G\000a\000r\000\347\000a\000s}{chapter.4}% 70
\BOOKMARK [2][-]{subsection.4.6.1}{\376\377\000I\000g\000r\000e\000j\000a\000\040\000d\000o\000\040\000C\000a\000m\000i\000n\000h\000o\000\040\000d\000a\000\040\000F\000\351}{section.4.6}% 71
\BOOKMARK [2][-]{subsection.4.6.2}{\376\377\000C\000o\000m\000u\000n\000i\000d\000a\000d\000e\000\040\000E\000s\000p\000e\000r\000a\000n\000\347\000a\000\040\000C\000e\000l\000e\000s\000t\000i\000a\000l}{section.4.6}% 72
\BOOKMARK [2][-]{subsection.4.6.3}{\376\377\000T\000e\000m\000p\000l\000o\000\040\000d\000a\000\040\000P\000r\000o\000s\000p\000e\000r\000i\000d\000a\000d\000e\000\040\000D\000i\000v\000i\000n\000a}{section.4.6}% 73
\BOOKMARK [2][-]{subsection.4.6.4}{\376\377\000I\000g\000r\000e\000j\000a\000\040\000B\000a\000t\000i\000s\000t\000a\000\040\000d\000o\000\040\000V\000a\000l\000e}{section.4.6}% 74
\BOOKMARK [2][-]{subsection.4.6.5}{\376\377\000V\000i\000s\000\343\000o\000\040\000G\000e\000r\000a\000l\000\040\000d\000a\000s\000\040\000C\000o\000r\000r\000e\000n\000t\000e\000s\000\040\000E\000v\000a\000n\000g\000\351\000l\000i\000c\000a\000s}{section.4.6}% 75
\BOOKMARK [1][-]{section.4.7}{\376\377\000O\000\040\000C\000o\000v\000e\000n\000\040\000d\000e\000\040\000\301\000g\000a\000t\000a\000\040\000N\000e\000g\000r\000a\000\040\000e\000\040\000S\000u\000a\000s\000\040\000B\000r\000u\000x\000a\000s}{chapter.4}% 76
\BOOKMARK [2][-]{subsection.4.7.1}{\376\377\000A\000\040\000S\000e\000d\000e\000\040\000d\000o\000\040\000C\000o\000v\000e\000n}{section.4.7}% 77
\BOOKMARK [2][-]{subsection.4.7.2}{\376\377\000A\000s\000\040\000B\000r\000u\000x\000a\000s\000\040\000d\000o\000\040\000C\000o\000v\000e\000n}{section.4.7}% 78
\BOOKMARK [2][-]{subsection.4.7.3}{\376\377\000S\000e\000g\000r\000e\000d\000o\000s\000\040\000e\000\040\000R\000i\000t\000u\000a\000i\000s}{section.4.7}% 79
\BOOKMARK [2][-]{subsection.4.7.4}{\376\377\000R\000i\000t\000u\000a\000i\000s\000\040\000e\000\040\000F\000e\000s\000t\000i\000v\000i\000d\000a\000d\000e\000s}{section.4.7}% 80
\BOOKMARK [0][-]{chapter.5}{\376\377\000L\000o\000c\000a\000i\000s\000\040\000M\000\355\000s\000t\000i\000c\000o\000s}{}% 81
\BOOKMARK [1][-]{section.5.1}{\376\377\000O\000r\000\341\000c\000u\000l\000o\000\040\000L\000o\000c\000a\000l}{chapter.5}% 82
\BOOKMARK [1][-]{section.5.2}{\376\377\000M\000e\000r\000c\000a\000d\000o\000\040\000M\000\355\000s\000t\000i\000c\000o}{chapter.5}% 83
\BOOKMARK [2][-]{subsection.5.2.1}{\376\377\000B\000a\000r\000r\000a\000c\000a\000s\000\040\000e\000\040\000s\000e\000u\000s\000\040\000D\000o\000n\000o\000s}{section.5.2}% 84
\BOOKMARK [1][-]{section.5.3}{\376\377\000B\000i\000b\000l\000i\000o\000t\000e\000c\000a\000\040\000O\000c\000u\000l\000t\000a}{chapter.5}% 85
\BOOKMARK [2][-]{subsection.5.3.1}{\376\377\000L\000i\000v\000r\000o\000s\000\040\000e\000\040\000M\000a\000n\000u\000s\000c\000r\000i\000t\000o\000s}{section.5.3}% 86
\BOOKMARK [1][-]{section.5.4}{\376\377\000C\000a\000b\000a\000n\000a\000\040\000d\000o\000\040\000C\000u\000r\000a\000n\000d\000e\000i\000r\000o\000\040\000\050\000o\000u\000\040\000A\000l\000q\000u\000i\000m\000i\000s\000t\000a\000\051}{chapter.5}% 87
\BOOKMARK [1][-]{section.5.5}{\376\377\000E\000n\000t\000i\000d\000a\000d\000e\000\040\000P\000r\000o\000t\000e\000t\000o\000r\000a\000\040\000d\000a\000\040\000C\000i\000d\000a\000d\000e}{chapter.5}% 88
\BOOKMARK [1][-]{section.5.6}{\376\377\000S\000o\000c\000i\000e\000d\000a\000d\000e\000\040\000S\000e\000c\000r\000e\000t\000a}{chapter.5}% 89
\BOOKMARK [1][-]{section.5.7}{\376\377\000F\000o\000l\000c\000l\000o\000r\000e\000\040\000L\000o\000c\000a\000l}{chapter.5}% 90
\BOOKMARK [1][-]{section.5.8}{\376\377\000T\000e\000m\000p\000l\000o\000\040\000E\000s\000q\000u\000e\000c\000i\000d\000o}{chapter.5}% 91
\BOOKMARK [1][-]{section.5.9}{\376\377\000A\000n\000i\000m\000a\000i\000s\000\040\000E\000s\000p\000i\000r\000i\000t\000u\000a\000i\000s\000\040\000e\000\040\000T\000o\000t\000\352\000m\000i\000c\000o\000s}{chapter.5}% 92
\BOOKMARK [1][-]{section.5.10}{\376\377\000C\000o\000n\000c\000l\000u\000s\000\343\000o}{chapter.5}% 93
\BOOKMARK [0][-]{chapter.6}{\376\377\000C\000o\000n\000s\000p\000i\000r\000a\000\347\000\365\000e\000s\000\040\000e\000m\000\040\000B\000a\000r\000r\000a\000\040\000d\000a\000s\000\040\000G\000a\000r\000\347\000a\000s}{}% 94
\BOOKMARK [1][-]{section.6.1}{\376\377\000A\000\040\000C\000o\000n\000s\000p\000i\000r\000a\000\347\000\343\000o\000\040\000d\000a\000\040\000C\000i\000d\000a\000d\000e\000\040\000P\000e\000r\000d\000i\000d\000a\000\040\000d\000e\000\040\000F\000a\000w\000c\000e\000t\000t}{chapter.6}% 95
\BOOKMARK [2][-]{subsection.6.1.1}{\376\377\000O\000s\000\040\000I\000n\000t\000r\000a\000t\000e\000r\000r\000e\000n\000o\000s\000\040\000e\000\040\000o\000\040\000D\000e\000s\000t\000i\000n\000o\000\040\000d\000e\000\040\000F\000a\000w\000c\000e\000t\000t}{section.6.1}% 96
\BOOKMARK [2][-]{subsection.6.1.2}{\376\377\000R\000e\000l\000a\000t\000o\000s\000\040\000e\000\040\000E\000v\000i\000d\000\352\000n\000c\000i\000a\000s}{section.6.1}% 97
\BOOKMARK [1][-]{section.6.2}{\376\377\000A\000\040\000C\000o\000n\000s\000p\000i\000r\000a\000\347\000\343\000o\000\040\000d\000o\000\040\000D\000i\000s\000c\000o\000p\000o\000r\000t\000o\000\040\000e\000\040\000d\000o\000\040\000D\000T\000C\000E\000A\000-\000B\000W}{chapter.6}% 98
\BOOKMARK [2][-]{subsection.6.2.1}{\376\377\000A\000\040\000B\000a\000s\000e\000\040\000M\000i\000l\000i\000t\000a\000r\000\040\000e\000\040\000o\000s\000\040\000A\000v\000i\000s\000t\000a\000m\000e\000n\000t\000o\000s}{section.6.2}% 99
\BOOKMARK [2][-]{subsection.6.2.2}{\376\377\000O\000\040\000P\000a\000p\000e\000l\000\040\000d\000e\000\040\000B\000e\000n\000t\000o\000\040\000e\000\040\000o\000s\000\040\000I\000n\000t\000r\000a\000t\000e\000r\000r\000e\000n\000o\000s}{section.6.2}% 100
\BOOKMARK [1][-]{section.6.3}{\376\377\000A\000\040\000C\000o\000n\000s\000p\000i\000r\000a\000\347\000\343\000o\000\040\000d\000o\000\040\000P\000r\000e\000f\000e\000i\000t\000o\000\040\000e\000\040\000a\000\040\000P\000r\000o\000t\000e\000\347\000\343\000o\000\040\000O\000c\000u\000l\000t\000a}{chapter.6}% 101
\BOOKMARK [2][-]{subsection.6.3.1}{\376\377\000O\000\040\000E\000s\000p\000\355\000r\000i\000t\000o\000\040\000M\000a\000t\000e\000r\000n\000a\000l\000\040\000e\000\040\000a\000\040\000T\000r\000a\000d\000i\000\347\000\343\000o\000\040\000F\000a\000m\000i\000l\000i\000a\000r}{section.6.3}% 102
\BOOKMARK [2][-]{subsection.6.3.2}{\376\377\000A\000\040\000C\000o\000n\000e\000x\000\343\000o\000\040\000c\000o\000m\000\040\000o\000\040\000P\000a\000r\000a\000n\000o\000r\000m\000a\000l}{section.6.3}% 103
\BOOKMARK [1][-]{section.6.4}{\376\377\000A\000\040\000C\000o\000n\000s\000p\000i\000r\000a\000\347\000\343\000o\000\040\000d\000a\000\040\000I\000n\000f\000i\000l\000t\000r\000a\000\347\000\343\000o\000\040\000A\000l\000i\000e\000n\000\355\000g\000e\000n\000a}{chapter.6}% 104
\BOOKMARK [2][-]{subsection.6.4.1}{\376\377\000A\000\040\000M\000i\000s\000s\000\343\000o\000\040\000d\000o\000\040\000E\000T\000\040\000e\000\040\000a\000\040\000C\000o\000n\000e\000x\000\343\000o\000\040\000c\000o\000m\000\040\000B\000e\000n\000t\000o}{section.6.4}% 105
\BOOKMARK [2][-]{subsection.6.4.2}{\376\377\000O\000s\000\040\000I\000n\000t\000r\000a\000t\000e\000r\000r\000e\000n\000o\000s\000\040\000e\000\040\000a\000\040\000A\000l\000i\000a\000n\000\347\000a\000\040\000I\000n\000t\000e\000r\000d\000i\000m\000e\000n\000s\000i\000o\000n\000a\000l}{section.6.4}% 106
\BOOKMARK [1][-]{section.6.5}{\376\377\000C\000o\000n\000s\000p\000i\000r\000a\000\347\000\343\000o\000\040\000d\000o\000s\000\040\000I\000n\000t\000r\000a\000t\000e\000r\000r\000e\000n\000o\000s}{chapter.6}% 107
\BOOKMARK [2][-]{subsection.6.5.1}{\376\377\000P\000e\000r\000s\000o\000n\000a\000g\000e\000n\000s\000\040\000E\000n\000v\000o\000l\000v\000i\000d\000o\000s}{section.6.5}% 108
\BOOKMARK [2][-]{subsection.6.5.2}{\376\377\000P\000i\000s\000t\000a\000s\000\040\000A\000s\000s\000o\000c\000i\000a\000d\000a\000s}{section.6.5}% 109
\BOOKMARK [1][-]{section.6.6}{\376\377\000E\000n\000c\000o\000b\000r\000i\000m\000e\000n\000t\000o\000\040\000e\000\040\000M\000a\000n\000i\000p\000u\000l\000a\000\347\000\343\000o\000\040\000d\000o\000\040\000M\000i\000s\000t\000i\000c\000i\000s\000m\000o\000\040\000L\000o\000c\000a\000l}{chapter.6}% 110
\BOOKMARK [2][-]{subsection.6.6.1}{\376\377\000P\000e\000r\000s\000o\000n\000a\000g\000e\000n\000s\000\040\000E\000n\000v\000o\000l\000v\000i\000d\000o\000s}{section.6.6}% 111
\BOOKMARK [2][-]{subsection.6.6.2}{\376\377\000P\000i\000s\000t\000a\000s\000\040\000A\000s\000s\000o\000c\000i\000a\000d\000a\000s}{section.6.6}% 112
\BOOKMARK [1][-]{section.6.7}{\376\377\000O\000\040\000A\000s\000s\000a\000s\000s\000i\000n\000a\000t\000o\000\040\000d\000e\000\040\000J\000o\000a\000q\000u\000i\000m\000\040\000B\000r\000a\000n\000d\000\343\000o}{chapter.6}% 113
\BOOKMARK [2][-]{subsection.6.7.1}{\376\377\000P\000e\000r\000s\000o\000n\000a\000g\000e\000n\000s\000\040\000E\000n\000v\000o\000l\000v\000i\000d\000o\000s}{section.6.7}% 114
\BOOKMARK [2][-]{subsection.6.7.2}{\376\377\000P\000i\000s\000t\000a\000s\000\040\000A\000s\000s\000o\000c\000i\000a\000d\000a\000s}{section.6.7}% 115
\BOOKMARK [0][-]{chapter.7}{\376\377\000O\000u\000t\000r\000o\000s\000\040\000P\000e\000r\000s\000o\000n\000a\000g\000e\000n\000s}{}% 116
\BOOKMARK [1][-]{section.7.1}{\376\377\000B\000e\000n\000t\000o\000,\000\040\000o\000\040\000L\000\355\000d\000e\000r\000\040\000d\000o\000\040\000G\000r\000u\000p\000o\000\040\000d\000e\000\040\000C\000o\000n\000s\000p\000i\000r\000a\000\347\000\343\000o}{chapter.7}% 117
\BOOKMARK [1][-]{section.7.2}{\376\377\000B\000r\000u\000x\000a\000\040\000R\000o\000s\000\341\000l\000i\000a\000\040\000d\000a\000\040\000S\000e\000r\000r\000a}{chapter.7}% 118
\BOOKMARK [1][-]{section.7.3}{\376\377\000B\000r\000u\000x\000a\000\040\000C\000e\000l\000e\000s\000t\000e}{chapter.7}% 119
\BOOKMARK [1][-]{section.7.4}{\376\377\000F\000e\000i\000t\000i\000c\000e\000i\000r\000o\000\040\000A\000d\000r\000i\000a\000n\000o\000,\000\040\000o\000\040\000E\000r\000m\000i\000t\000\343\000o}{chapter.7}% 120
\BOOKMARK [2][-]{subsection.7.4.1}{\376\377\000M\000\341\000g\000i\000c\000a\000s\000\040\000d\000e\000\040\000A\000d\000r\000i\000a\000n\000o}{section.7.4}% 121
\BOOKMARK [2][-]{subsection.7.4.2}{\376\377\000A\000r\000t\000e\000f\000a\000t\000o\000s\000\040\000M\000\341\000g\000i\000c\000o\000s\000\040\000d\000e\000\040\000A\000d\000r\000i\000a\000n\000o}{section.7.4}% 122
\BOOKMARK [2][-]{subsection.7.4.3}{\376\377\000L\000i\000v\000r\000o\000s\000\040\000d\000e\000\040\000C\000o\000n\000h\000e\000c\000i\000m\000e\000n\000t\000o\000\040\000A\000r\000c\000a\000n\000o}{section.7.4}% 123
\BOOKMARK [1][-]{section.7.5}{\376\377\000C\000a\000p\000a\000n\000g\000a\000s\000\040\000d\000e\000\040\000B\000e\000n\000t\000o}{chapter.7}% 124
\BOOKMARK [1][-]{section.7.6}{\376\377\000I\000n\000t\000r\000a\000t\000e\000r\000r\000e\000n\000o\000s}{chapter.7}% 125
\BOOKMARK [2][-]{subsection.7.6.1}{\376\377\000E\000d\000g\000a\000r\000\040\000F\000a\000w\000c\000e\000t\000t\000,\000\040\000o\000\040\000H\000e\000r\000d\000e\000i\000r\000o\000\040\000d\000o\000\040\000S\000u\000b\000t\000e\000r\000r\000\342\000n\000e\000o}{section.7.6}% 126
\BOOKMARK [2][-]{subsection.7.6.2}{\376\377\000M\000i\000r\000i\000a\000m\000,\000\040\000a\000\040\000S\000e\000n\000t\000i\000n\000e\000l\000a\000\040\000d\000a\000s\000\040\000S\000o\000m\000b\000r\000a\000s}{section.7.6}% 127
\BOOKMARK [2][-]{subsection.7.6.3}{\376\377\000G\000r\000e\000g\000\363\000r\000i\000o\000,\000\040\000o\000\040\000G\000u\000a\000r\000d\000a\000\040\000R\000a\000c\000h\000a\000d\000o}{section.7.6}% 128
\BOOKMARK [1][-]{section.7.7}{\376\377\000S\000e\000r\000e\000s\000\040\000F\000a\000n\000t\000\341\000s\000t\000i\000c\000o\000s\000\040\000d\000o\000\040\000F\000o\000l\000c\000l\000o\000r\000e\000\040\000L\000o\000c\000a\000l\000\040\000e\000\040\000B\000r\000a\000s\000i\000l\000e\000i\000r\000o}{chapter.7}% 129
\BOOKMARK [2][-]{subsection.7.7.1}{\376\377\000C\000u\000r\000u\000p\000i\000r\000a}{section.7.7}% 130
\BOOKMARK [2][-]{subsection.7.7.2}{\376\377\000S\000a\000c\000i\000-\000P\000e\000r\000e\000r\000\352}{section.7.7}% 131
\BOOKMARK [2][-]{subsection.7.7.3}{\376\377\000B\000o\000i\000t\000a\000t\000\341}{section.7.7}% 132
\BOOKMARK [2][-]{subsection.7.7.4}{\376\377\000M\000a\000p\000i\000n\000g\000u\000a\000r\000i}{section.7.7}% 133
\BOOKMARK [2][-]{subsection.7.7.5}{\376\377\000M\000\343\000e\000\040\000d\000'\000\301\000g\000u\000a}{section.7.7}% 134
\BOOKMARK [2][-]{subsection.7.7.6}{\376\377\000D\000e\000s\000t\000a\000c\000a\000m\000e\000n\000t\000o\000\040\000d\000e\000\040\000C\000o\000n\000t\000r\000o\000l\000e\000\040\000d\000o\000\040\000E\000s\000p\000a\000\347\000o\000\040\000A\000\351\000r\000e\000o\000\040\000d\000e\000\040\000B\000a\000r\000r\000a\000\040\000d\000o\000\040\000G\000a\000r\000\347\000a\000s\000\040\000\050\000D\000T\000C\000E\000A\000-\000B\000W\000\051}{section.7.7}% 135
\BOOKMARK [0][-]{chapter.8}{\376\377\000F\000o\000f\000o\000c\000a\000s}{}% 136
\BOOKMARK [1][-]{section.8.1}{\376\377\000D\000o\000n\000a\000\040\000L\000u\000r\000d\000i\000n\000h\000a}{chapter.8}% 137
\BOOKMARK [1][-]{section.8.2}{\376\377\000S\000e\000u\000\040\000Z\000e\000c\000a}{chapter.8}% 138
\BOOKMARK [1][-]{section.8.3}{\376\377\000T\000o\000n\000i\000c\000o}{chapter.8}% 139
\BOOKMARK [1][-]{section.8.4}{\376\377\000P\000e\000d\000r\000o}{chapter.8}% 140
\BOOKMARK [1][-]{section.8.5}{\376\377\000C\000l\000\341\000u\000d\000i\000a\000,\000\040\000D\000J\000\040\000d\000o\000\040\000D\000i\000s\000c\000\363\000d\000r\000o\000m\000o}{chapter.8}% 141
\BOOKMARK [1][-]{section.8.6}{\376\377\000P\000r\000e\000f\000e\000i\000t\000o\000\040\000A\000n\000t\000\364\000n\000i\000o\000\040\000d\000e\000\040\000S\000o\000u\000z\000a}{chapter.8}% 142
\BOOKMARK [1][-]{section.8.7}{\376\377\000H\000e\000l\000e\000n\000a\000\040\000d\000e\000\040\000S\000o\000u\000z\000a}{chapter.8}% 143
\BOOKMARK [1][-]{section.8.8}{\376\377\000D\000e\000l\000e\000g\000a\000d\000o\000\040\000P\000e\000d\000r\000o\000\040\000A\000n\000t\000u\000n\000e\000s}{chapter.8}% 144
\BOOKMARK [1][-]{section.8.9}{\376\377\000C\000a\000p\000a\000n\000g\000a\000s\000\040\000d\000e\000\040\000B\000e\000n\000t\000o}{chapter.8}% 145
\BOOKMARK [1][-]{section.8.10}{\376\377\000D\000o\000n\000a\000\040\000I\000r\000e\000n\000e\000\040\000S\000i\000l\000v\000a}{chapter.8}% 146
\BOOKMARK [1][-]{section.8.11}{\376\377\000M\000i\000g\000u\000e\000l\000\040\000R\000o\000c\000h\000a}{chapter.8}% 147
\BOOKMARK [1][-]{section.8.12}{\376\377\000J\000o\000r\000g\000e\000\040\000A\000l\000m\000e\000i\000d\000a}{chapter.8}% 148
\BOOKMARK [1][-]{section.8.13}{\376\377\000M\000a\000r\000i\000a\000\040\000C\000l\000a\000r\000a\000\040\000R\000e\000i\000s}{chapter.8}% 149
\BOOKMARK [1][-]{section.8.14}{\376\377\000D\000o\000n\000a\000\040\000C\000e\000l\000i\000n\000a}{chapter.8}% 150
\BOOKMARK [1][-]{section.8.15}{\376\377\000T\000e\000r\000e\000z\000a\000\040\000d\000o\000s\000\040\000S\000a\000n\000t\000o\000s}{chapter.8}% 151
\BOOKMARK [1][-]{section.8.16}{\376\377\000G\000a\000b\000r\000i\000e\000l\000\040\000C\000o\000s\000t\000a}{chapter.8}% 152
\BOOKMARK [1][-]{section.8.17}{\376\377\000M\000i\000g\000u\000e\000l\000\040\000R\000o\000c\000h\000a}{chapter.8}% 153
\BOOKMARK [1][-]{section.8.18}{\376\377\000P\000a\000d\000r\000e\000\040\000A\000u\000g\000u\000s\000t\000o}{chapter.8}% 154
\BOOKMARK [1][-]{section.8.19}{\376\377\000H\000e\000l\000e\000n\000a\000\040\000d\000e\000\040\000S\000o\000u\000z\000a}{chapter.8}% 155
\BOOKMARK [1][-]{section.8.20}{\376\377\000D\000o\000n\000a\000\040\000O\000d\000e\000t\000e}{chapter.8}% 156
\BOOKMARK [1][-]{section.8.21}{\376\377\000R\000o\000d\000r\000i\000g\000o\000\040\000M\000e\000n\000e\000z\000e\000s}{chapter.8}% 157
\BOOKMARK [1][-]{section.8.22}{\376\377\000M\000a\000r\000c\000e\000l\000o\000\040\000N\000u\000n\000e\000s}{chapter.8}% 158
\BOOKMARK [1][-]{section.8.23}{\376\377\000C\000a\000r\000l\000o\000s\000\040\000O\000l\000i\000v\000e\000i\000r\000a}{chapter.8}% 159
\BOOKMARK [1][-]{section.8.24}{\376\377\000S\000a\000b\000r\000i\000n\000a\000\040\000F\000e\000r\000r\000e\000i\000r\000a}{chapter.8}% 160
\BOOKMARK [1][-]{section.8.25}{\376\377\000L\000e\000o\000n\000a\000r\000d\000o\000\040\000P\000i\000r\000e\000s}{chapter.8}% 161
\BOOKMARK [1][-]{section.8.26}{\376\377\000L\000e\000t\000\355\000c\000i\000a\000\040\000S\000o\000u\000z\000a}{chapter.8}% 162
\BOOKMARK [1][-]{section.8.27}{\376\377\000R\000a\000f\000a\000e\000l\000\040\000L\000i\000m\000a}{chapter.8}% 163
\BOOKMARK [1][-]{section.8.28}{\376\377\000P\000e\000r\000s\000o\000n\000a\000g\000e\000n\000s\000\040\000N\000o\000v\000o\000s\000\040\000n\000a\000s\000\040\000F\000o\000f\000o\000c\000a\000s}{chapter.8}% 164
\BOOKMARK [0][-]{chapter.9}{\376\377\000C\000a\000s\000o\000s\000\040\000D\000e\000s\000c\000r\000i\000t\000o\000s\000\040\000n\000a\000s\000\040\000F\000o\000f\000o\000c\000a\000s}{}% 165
\BOOKMARK [1][-]{section.9.1}{\376\377\000O\000\040\000P\000r\000e\000f\000e\000i\000t\000o\000\040\000A\000n\000t\000\364\000n\000i\000o\000\040\000d\000e\000\040\000S\000o\000u\000z\000a\000\040\000e\000\040\000a\000s\000\040\000A\000l\000e\000g\000a\000\347\000\365\000e\000s\000\040\000d\000e\000\040\000C\000o\000r\000r\000u\000p\000\347\000\343\000o}{chapter.9}% 166
\BOOKMARK [1][-]{section.9.2}{\376\377\000H\000e\000l\000e\000n\000a\000\040\000d\000e\000\040\000S\000o\000u\000z\000a\000\040\000e\000\040\000o\000\040\000C\000e\000m\000i\000t\000\351\000r\000i\000o}{chapter.9}% 167
\BOOKMARK [1][-]{section.9.3}{\376\377\000B\000e\000n\000t\000o\000\040\000e\000\040\000o\000\040\000D\000T\000C\000E\000A\000-\000B\000W}{chapter.9}% 168
\BOOKMARK [1][-]{section.9.4}{\376\377\000C\000l\000\341\000u\000d\000i\000a\000\040\000e\000\040\000o\000s\000\040\000R\000i\000t\000u\000a\000i\000s\000\040\000n\000o\000\040\000D\000i\000s\000c\000\363\000d\000r\000o\000m\000o}{chapter.9}% 169
\BOOKMARK [1][-]{section.9.5}{\376\377\000M\000i\000g\000u\000e\000l\000\040\000R\000o\000c\000h\000a\000\040\000e\000\040\000o\000\040\000J\000o\000r\000n\000a\000l\000\040\000'\000O\000\040\000A\000r\000a\000g\000u\000a\000i\000a\000'}{chapter.9}% 170
\BOOKMARK [1][-]{section.9.6}{\376\377\000D\000o\000n\000a\000\040\000L\000u\000r\000d\000i\000n\000h\000a\000\040\000e\000\040\000s\000u\000a\000s\000\040\000H\000a\000b\000i\000l\000i\000d\000a\000d\000e\000s\000\040\000E\000s\000p\000i\000r\000i\000t\000u\000a\000i\000s}{chapter.9}% 171
\BOOKMARK [1][-]{section.9.7}{\376\377\000S\000e\000u\000\040\000Z\000e\000c\000a\000\040\000e\000\040\000o\000s\000\040\000B\000o\000a\000t\000o\000s\000\040\000d\000a\000\040\000P\000r\000a\000\347\000a}{chapter.9}% 172
\BOOKMARK [1][-]{section.9.8}{\376\377\000P\000a\000d\000r\000e\000\040\000A\000u\000g\000u\000s\000t\000o\000\040\000e\000\040\000o\000s\000\040\000S\000e\000g\000r\000e\000d\000o\000s\000\040\000d\000a\000\040\000I\000g\000r\000e\000j\000a}{chapter.9}% 173
\BOOKMARK [1][-]{section.9.9}{\376\377\000L\000e\000t\000\355\000c\000i\000a\000\040\000S\000o\000u\000z\000a\000\040\000e\000\040\000o\000\040\000I\000n\000t\000e\000r\000e\000s\000s\000e\000\040\000p\000e\000l\000o\000\040\000O\000c\000u\000l\000t\000o}{chapter.9}% 174
\BOOKMARK [1][-]{section.9.10}{\376\377\000R\000a\000f\000a\000e\000l\000\040\000L\000i\000m\000a\000\040\000e\000\040\000o\000s\000\040\000C\000o\000n\000t\000o\000s\000\040\000S\000o\000b\000r\000e\000n\000a\000t\000u\000r\000a\000i\000s}{chapter.9}% 175
\BOOKMARK [1][-]{section.9.11}{\376\377\000T\000e\000r\000e\000z\000a\000\040\000e\000\040\000a\000s\000\040\000L\000e\000n\000d\000a\000s\000\040\000d\000o\000\040\000H\000o\000t\000e\000l\000\040\000E\000n\000c\000a\000n\000t\000o\000\040\000d\000o\000\040\000A\000r\000a\000g\000u\000a\000i\000a}{chapter.9}% 176
\BOOKMARK [0][-]{chapter.10}{\376\377\000C\000o\000n\000c\000l\000u\000s\000\343\000o}{}% 177
\BOOKMARK [0][-]{chapter.11}{\376\377\000R\000e\000f\000e\000r\000\352\000n\000c\000i\000a\000s}{}% 178
\BOOKMARK [0][-]{appendix.A}{\376\377\000M\000e\000m\000o\000r\000a\000n\000d\000o\000\040\000d\000e\000\040\000M\000i\000s\000s\000\343\000o}{}% 179
\BOOKMARK [0][-]{appendix.B}{\376\377\000M\000e\000m\000o\000r\000a\000n\000d\000o\000\040\000d\000e\000\040\000M\000i\000s\000s\000\343\000o\000\040\000A\000d\000i\000c\000i\000o\000n\000a\000l}{}% 180
\BOOKMARK [0][-]{appendix.A}{\376\377\000J\000o\000r\000n\000a\000l\000\040\000O\000\040\000A\000r\000a\000g\000u\000a\000i\000a\000\040\000-\000\040\000N\000o\000t\000\355\000c\000i\000a\000s\000\040\000R\000e\000c\000e\000n\000t\000e\000s}{}% 181
