This is LuaHBTeX, Version 1.18.1 (MiKTeX 24.4) (format=lualatex 2024.8.11)  3 NOV 2024 15:02
 system commands enabled.
**BarraDasGarças.tex
(./BarraDasGarças.tex
LaTeX2e <2024-06-01> patch level 2
L3 programming layer <2024-05-27>
Lua module: luaotfload 2024-02-14 3.28 Lua based OpenType font support
Lua module: lualibs 2023-07-13 2.76 ConTeXt Lua standard libraries.
Lua module: lualibs-extended 2023-07-13 2.76 ConTeXt Lua libraries -- extended c
ollection.
luaotfload | conf : Root cache directory is "C:/Users/Xexeo/AppData/Local/MiKTeX
/luatex-cache/generic/names".
luaotfload | init : Loading fontloader "fontloader-2023-12-28.lua" from kpse-res
olved path "C:/Users/Xexeo/AppData/Local/Programs/MiKTeX/tex/luatex/luaotfload/f
ontloader-2023-12-28.lua".
Lua-only attribute luaotfload@noligature = 1
luaotfload | init : Context OpenType loader version 3.134
Inserting `luaotfload.node_processor' in `pre_linebreak_filter'.
Inserting `luaotfload.node_processor' in `hpack_filter'.
Inserting `luaotfload.glyph_stream' in `glyph_stream_provider'.
Inserting `luaotfload.define_font' in `define_font'.
Lua-only attribute luaotfload_color_attribute = 2
luaotfload | conf : Root cache directory is "C:/Users/Xexeo/AppData/Local/MiKTeX
/luatex-cache/generic/names".
Inserting `luaotfload.harf.strip_prefix' in `find_opentype_file'.
Inserting `luaotfload.harf.strip_prefix' in `find_truetype_file'.
Removing  `luaotfload.glyph_stream' from `glyph_stream_provider'.
Inserting `luaotfload.harf.glyphstream' in `glyph_stream_provider'.
Inserting `luaotfload.harf.finalize_vlist' in `post_linebreak_filter'.
Inserting `luaotfload.harf.finalize_hlist' in `hpack_filter'.
Inserting `luaotfload.cleanup_files' in `wrapup_run'.
Inserting `luaotfload.harf.finalize_unicode' in `finish_pdffile'.
Inserting `luaotfload.glyphinfo' in `glyph_info'.
Lua-only attribute luaotfload.letterspace_done = 3
Inserting `luaotfload.aux.set_sscale_dimens' in `luaotfload.patch_font'.
Inserting `luaotfload.aux.set_font_index' in `luaotfload.patch_font'.
Inserting `luaotfload.aux.patch_cambria_domh' in `luaotfload.patch_font'.
Inserting `luaotfload.aux.fixup_fontdata' in `luaotfload.patch_font_unsafe'.
Inserting `luaotfload.aux.set_capheight' in `luaotfload.patch_font'.
Inserting `luaotfload.aux.set_xheight' in `luaotfload.patch_font'.
Inserting `luaotfload.rewrite_fontname' in `luaotfload.patch_font'.
Inserting `tracingstacklevels' in `input_level_string'. (C:/Users/Xexeo/AppData
/Local/Programs/MiKTeX/tex/latex/base/book.cls
Document Class: book 2024/02/08 v1.4n Standard LaTeX document class
(C:/Users/Xexeo/AppData/Local/Programs/MiKTeX/tex/latex/base/bk12.clo
File: bk12.clo 2024/02/08 v1.4n Standard LaTeX file (size option)
luaotfload | db : Font names database loaded from C:/Users/Xexeo/AppData/Local/M
iKTeX/luatex-cache/generic/names/luaotfload-names.luc.gz)
\c@part=\count192
\c@chapter=\count193
\c@section=\count194
\c@subsection=\count195
\c@subsubsection=\count196
\c@paragraph=\count197
\c@subparagraph=\count198
\c@figure=\count199
\c@table=\count266
\abovecaptionskip=\skip49
\belowcaptionskip=\skip50
\bibindent=\dimen140
)
(C:/Users/Xexeo/AppData/Local/Programs/MiKTeX/tex/generic/babel/babel.sty
Package: babel 2024/06/26 v24.7 The Babel package

(C:/Users/Xexeo/AppData/Local/Programs/MiKTeX/tex/generic/babel/luababel.def
\bbl@readstream=\read2
\l@afrikaans=\language2
Package babel Info: Non-standard hyphenation setup on input line 118.
\l@ancientgreek=\language3
\l@armenian=\language4
\l@assamese=\language5
\l@basque=\language6
\l@belarusian=\language7
\l@bengali=\language8
\l@bokmal=\language9
\l@bulgarian=\language10
\l@catalan=\language11
\l@churchslavonic=\language12
\l@classiclatin=\language13
\l@coptic=\language14
\l@croatian=\language15
\l@czech=\language16
\l@danish=\language17
\l@dutch=\language18
\l@esperanto=\language19
\l@estonian=\language20
\l@ethiopic=\language21
\l@finnish=\language22
\l@french=\language23
\l@friulan=\language24
\l@galician=\language25
\l@georgian=\language26
\l@german=\language27
\l@greek=\language28
\l@gujarati=\language29
\l@hindi=\language30
\l@hungarian=\language31
\l@icelandic=\language32
\l@indonesian=\language33
\l@interlingua=\language34
\l@irish=\language35
\l@italian=\language36
\l@kannada=\language37
\l@kurmanji=\language38
\l@latin=\language39
\l@latvian=\language40
\l@lithuanian=\language41
\l@liturgicallatin=\language42
\l@macedonian=\language43
\l@malayalam=\language44
\l@marathi=\language45
\l@mongolian=\language46
\l@mongolianlmc=\language47
\l@monogreek=\language48
\l@ngerman=\language49
\l@nynorsk=\language50
\l@occitan=\language51
\l@oriya=\language52
\l@pali=\language53
\l@panjabi=\language54
\l@piedmontese=\language55
\l@polish=\language56
\l@portuguese=\language57
\l@romanian=\language58
\l@romansh=\language59
\l@russian=\language60
\l@sanskrit=\language61
\l@serbian=\language62
\l@serbianc=\language63
\l@slovak=\language64
\l@slovenian=\language65
\l@spanish=\language66
\l@swedish=\language67
\l@swissgerman=\language68
\l@tamil=\language69
\l@telugu=\language70
\l@thai=\language71
\l@turkish=\language72
\l@turkmen=\language73
\l@ukenglish=\language74
\l@ukrainian=\language75
\l@uppersorbian=\language76
\l@usenglishmax=\language77
\l@welsh=\language78
\babelcatcodetablenum=\catcodetable14
\bbl@pattcodes=\catcodetable15
)
\babel@savecnt=\count267
\U@D=\dimen141
\l@unhyphenated=\language79

(C:/Users/Xexeo/AppData/Local/Programs/MiKTeX/tex/generic/babel/luababel.def
\bbl@attr@locale=\attribute4
)
*************************************
* Local config file bblopts.cfg used
*
(C:/Users/Xexeo/AppData/Local/Programs/MiKTeX/tex/latex/arabi/bblopts.cfg
File: bblopts.cfg 2005/09/08 v0.1 add Arabic and Farsi to "declared" options of
 babel
)
(C:/Users/Xexeo/AppData/Local/Programs/MiKTeX/tex/latex/babel-portuges/brazilia
n.ldf
Language: portuges 2021/07/09 v1.2t Portuguese support from the babel system
Package babel Info: Hyphen rules for 'brazilian' set to \l@portuguese
(babel)             (\language57). Reported on input line 111.
Package babel Info: Making " an active character on input line 143.

(C:/Users/Xexeo/AppData/Local/Programs/MiKTeX/tex/generic/hyph-utf8/loadhyph/lo
adhyph-pt.tex UTF-8 Portuguese hyphenation patterns
(C:/Users/Xexeo/AppData/Local/Programs/MiKTeX/tex/generic/hyph-utf8/patterns/te
x/hyph-pt.tex))))
(C:/Users/Xexeo/AppData/Local/Programs/MiKTeX/tex/generic/babel/locale/pt/babel
-brazilian.tex
Package babel Info: Importing font and identification data for brazilian
(babel)             from babel-pt-BR.ini. Reported on input line 11.
)
(C:/Users/Xexeo/AppData/Local/Programs/MiKTeX/tex/latex/base/fontenc.sty
Package: fontenc 2021/04/29 v2.0v Standard LaTeX package
LaTeX Font Info:    Trying to load font information for T1+lmr on input line 11
6.

(C:/Users/Xexeo/AppData/Local/Programs/MiKTeX/tex/latex/lm/t1lmr.fd
File: t1lmr.fd 2015/05/01 v1.6.1 Font defs for Latin Modern
))
(C:/Users/Xexeo/AppData/Local/Programs/MiKTeX/tex/latex/geometry/geometry.sty
Package: geometry 2020/01/02 v5.9 Page Geometry

(C:/Users/Xexeo/AppData/Local/Programs/MiKTeX/tex/latex/graphics/keyval.sty
Package: keyval 2022/05/29 v1.15 key=value parser (DPC)
\KV@toks@=\toks17
)
(C:/Users/Xexeo/AppData/Local/Programs/MiKTeX/tex/generic/iftex/ifvtex.sty
Package: ifvtex 2019/10/25 v1.7 ifvtex legacy package. Use iftex instead.

(C:/Users/Xexeo/AppData/Local/Programs/MiKTeX/tex/generic/iftex/iftex.sty
Package: iftex 2022/02/03 v1.0f TeX engine tests
))
\Gm@cnth=\count268
\Gm@cntv=\count269
\c@Gm@tempcnt=\count270
\Gm@bindingoffset=\dimen142
\Gm@wd@mp=\dimen143
\Gm@odd@mp=\dimen144
\Gm@even@mp=\dimen145
\Gm@layoutwidth=\dimen146
\Gm@layoutheight=\dimen147
\Gm@layouthoffset=\dimen148
\Gm@layoutvoffset=\dimen149
\Gm@dimlist=\toks18

(C:/Users/Xexeo/AppData/Local/Programs/MiKTeX/tex/latex/geometry/geometry.cfg)) (C:/Users/Xexeo/AppData/Local/Programs/MiKTeX/tex/latex/placeins/placeins.sty
Package: placeins 2005/04/18  v 2.2
) (./modernrules.sty
Package: modernrules 2024/10/31 Modern Style for RPG Rulebooks

(C:/Users/Xexeo/AppData/Local/Programs/MiKTeX/tex/latex/etoolbox/etoolbox.sty
Package: etoolbox 2020/10/05 v2.5k e-TeX tools for LaTeX (JAW)
\etb@tempcnta=\count271
)
(C:/Users/Xexeo/AppData/Local/Programs/MiKTeX/tex/latex/truncate/truncate.sty
Package: truncate 2001/08/20  ver 3.6
\@Trunc@RestHyph=\toks19
)
(C:/Users/Xexeo/AppData/Local/Programs/MiKTeX/tex/latex/titlesec/titlesec.sty
Package: titlesec 2023/10/27 v2.16 Sectioning titles
\ttl@box=\box52
\beforetitleunit=\skip51
\aftertitleunit=\skip52
\ttl@plus=\dimen150
\ttl@minus=\dimen151
\ttl@toksa=\toks20
\titlewidth=\dimen152
\titlewidthlast=\dimen153
\titlewidthfirst=\dimen154
)
(C:/Users/Xexeo/AppData/Local/Programs/MiKTeX/tex/latex/xcolor/xcolor.sty
Package: xcolor 2023/11/15 v3.01 LaTeX color extensions (UK)

(C:/Users/Xexeo/AppData/Local/Programs/MiKTeX/tex/latex/graphics-cfg/color.cfg
File: color.cfg 2016/01/02 v1.6 sample color configuration
)
Package xcolor Info: Driver file: luatex.def on input line 274.

(C:/Users/Xexeo/AppData/Local/Programs/MiKTeX/tex/latex/graphics-def/luatex.def
File: luatex.def 2024/04/13 v1.2e Graphics/color driver for luatex
)
(C:/Users/Xexeo/AppData/Local/Programs/MiKTeX/tex/latex/graphics/mathcolor.ltx)
Package xcolor Info: Model `cmy' substituted by `cmy0' on input line 1350.
Package xcolor Info: Model `hsb' substituted by `rgb' on input line 1354.
Package xcolor Info: Model `RGB' extended on input line 1366.
Package xcolor Info: Model `HTML' substituted by `rgb' on input line 1368.
Package xcolor Info: Model `Hsb' substituted by `hsb' on input line 1369.
Package xcolor Info: Model `tHsb' substituted by `hsb' on input line 1370.
Package xcolor Info: Model `HSB' substituted by `hsb' on input line 1371.
Package xcolor Info: Model `Gray' substituted by `gray' on input line 1372.
Package xcolor Info: Model `wave' substituted by `hsb' on input line 1373.
) (C:/Users/Xexeo/AppData/Local/Programs/MiKTeX/tex/latex/graphics/graphicx.sty
Package: graphicx 2021/09/16 v1.2d Enhanced LaTeX Graphics (DPC,SPQR)
(C:/Users/Xexeo/AppData/Local/Programs/MiKTeX/tex/latex/graphics/graphics.sty
Package: graphics 2024/05/23 v1.4g Standard LaTeX Graphics (DPC,SPQR)

(C:/Users/Xexeo/AppData/Local/Programs/MiKTeX/tex/latex/graphics/trig.sty
Package: trig 2023/12/02 v1.11 sin cos tan (DPC)
)
(C:/Users/Xexeo/AppData/Local/Programs/MiKTeX/tex/latex/graphics-cfg/graphics.c
fg
File: graphics.cfg 2016/06/04 v1.11 sample graphics configuration
)
Package graphics Info: Driver file: luatex.def on input line 106.
)
\Gin@req@height=\dimen155
\Gin@req@width=\dimen156
)
(C:/Users/Xexeo/AppData/Local/Programs/MiKTeX/tex/latex/fontspec/fontspec.sty
(C:/Users/Xexeo/AppData/Local/Programs/MiKTeX/tex/latex/l3packages/xparse/xpars
e.sty
(C:/Users/Xexeo/AppData/Local/Programs/MiKTeX/tex/latex/l3kernel/expl3.sty
Package: expl3 2024-05-27 L3 programming layer (loader) 

(C:/Users/Xexeo/AppData/Local/Programs/MiKTeX/tex/latex/l3backend/l3backend-lua
tex.def
File: l3backend-luatex.def 2024-05-08 L3 backend support: PDF output (LuaTeX)
\l__color_backend_stack_int=\count272
Inserting `l3color' in `luaotfload.parse_color'.
\l__pdf_internal_box=\box53
))
Package: xparse 2024-05-08 L3 Experimental document command parser
)
Package: fontspec 2024/05/11 v2.9e Font selection for XeLaTeX and LuaLaTeX
Lua module: fontspec 2024/05/11 2.9e Font selection for XeLaTeX and LuaLaTeX
(C:/Users/Xexeo/AppData/Local/Programs/MiKTeX/tex/latex/fontspec/fontspec-luate
x.sty
Package: fontspec-luatex 2024/05/11 v2.9e Font selection for XeLaTeX and LuaLaT
eX
\l__fontspec_script_int=\count273
\l__fontspec_language_int=\count274
\l__fontspec_strnum_int=\count275
\l__fontspec_tmp_int=\count276
\l__fontspec_tmpa_int=\count277
\l__fontspec_tmpb_int=\count278
\l__fontspec_tmpc_int=\count279
\l__fontspec_em_int=\count280
\l__fontspec_emdef_int=\count281
\l__fontspec_strong_int=\count282
\l__fontspec_strongdef_int=\count283
\l__fontspec_tmpa_dim=\dimen157
\l__fontspec_tmpb_dim=\dimen158
\l__fontspec_tmpc_dim=\dimen159
 (C:/Users/Xexeo/AppData/Local/Programs/MiKTeX/tex/latex/base/fontenc.sty
Package: fontenc 2021/04/29 v2.0v Standard LaTeX package
) (C:/Users/Xexeo/AppData/Local/Programs/MiKTeX/tex/latex/fontspec/fontspec.cfg
)))
(C:/Users/Xexeo/AppData/Local/Programs/MiKTeX/tex/latex/tcolorbox/tcolorbox.sty
Package: tcolorbox 2024/01/10 version 6.2.0 text color boxes
(C:/Users/Xexeo/AppData/Local/Programs/MiKTeX/tex/latex/pgf/basiclayer/pgf.sty
(C:/Users/Xexeo/AppData/Local/Programs/MiKTeX/tex/latex/pgf/utilities/pgfrcs.st
y
(C:/Users/Xexeo/AppData/Local/Programs/MiKTeX/tex/generic/pgf/utilities/pgfutil
-common.tex
\pgfutil@everybye=\toks21
\pgfutil@tempdima=\dimen160
\pgfutil@tempdimb=\dimen161
)
(C:/Users/Xexeo/AppData/Local/Programs/MiKTeX/tex/generic/pgf/utilities/pgfutil
-latex.def
\pgfutil@abb=\box54
)
(C:/Users/Xexeo/AppData/Local/Programs/MiKTeX/tex/generic/pgf/utilities/pgfrcs.
code.tex
(C:/Users/Xexeo/AppData/Local/Programs/MiKTeX/tex/generic/pgf/pgf.revision.tex)
Package: pgfrcs 2023-01-15 v3.1.10 (3.1.10)
))
Package: pgf 2023-01-15 v3.1.10 (3.1.10)

(C:/Users/Xexeo/AppData/Local/Programs/MiKTeX/tex/latex/pgf/basiclayer/pgfcore.
sty
(C:/Users/Xexeo/AppData/Local/Programs/MiKTeX/tex/latex/pgf/systemlayer/pgfsys.
sty
(C:/Users/Xexeo/AppData/Local/Programs/MiKTeX/tex/generic/pgf/systemlayer/pgfsy
s.code.tex
Package: pgfsys 2023-01-15 v3.1.10 (3.1.10)

(C:/Users/Xexeo/AppData/Local/Programs/MiKTeX/tex/generic/pgf/utilities/pgfkeys
.code.tex
\pgfkeys@pathtoks=\toks22
\pgfkeys@temptoks=\toks23

(C:/Users/Xexeo/AppData/Local/Programs/MiKTeX/tex/generic/pgf/utilities/pgfkeys
libraryfiltered.code.tex
\pgfkeys@tmptoks=\toks24
))
\pgf@x=\dimen162
\pgf@y=\dimen163
\pgf@xa=\dimen164
\pgf@ya=\dimen165
\pgf@xb=\dimen166
\pgf@yb=\dimen167
\pgf@xc=\dimen168
\pgf@yc=\dimen169
\pgf@xd=\dimen170
\pgf@yd=\dimen171
\w@pgf@writea=\write3
\r@pgf@reada=\read3
\c@pgf@counta=\count284
\c@pgf@countb=\count285
\c@pgf@countc=\count286
\c@pgf@countd=\count287
\t@pgf@toka=\toks25
\t@pgf@tokb=\toks26
\t@pgf@tokc=\toks27
\pgf@sys@id@count=\count288

(C:/Users/Xexeo/AppData/Local/Programs/MiKTeX/tex/generic/pgf/systemlayer/pgf.c
fg
File: pgf.cfg 2023-01-15 v3.1.10 (3.1.10)
)
Driver file for pgf: pgfsys-luatex.def

(C:/Users/Xexeo/AppData/Local/Programs/MiKTeX/tex/generic/pgf/systemlayer/pgfsy
s-luatex.def
File: pgfsys-luatex.def 2023-01-15 v3.1.10 (3.1.10)

(C:/Users/Xexeo/AppData/Local/Programs/MiKTeX/tex/generic/pgf/systemlayer/pgfsy
s-common-pdf.def
File: pgfsys-common-pdf.def 2023-01-15 v3.1.10 (3.1.10)
)))
(C:/Users/Xexeo/AppData/Local/Programs/MiKTeX/tex/generic/pgf/systemlayer/pgfsy
ssoftpath.code.tex
File: pgfsyssoftpath.code.tex 2023-01-15 v3.1.10 (3.1.10)
\pgfsyssoftpath@smallbuffer@items=\count289
\pgfsyssoftpath@bigbuffer@items=\count290
)
(C:/Users/Xexeo/AppData/Local/Programs/MiKTeX/tex/generic/pgf/systemlayer/pgfsy
sprotocol.code.tex
File: pgfsysprotocol.code.tex 2023-01-15 v3.1.10 (3.1.10)
))
(C:/Users/Xexeo/AppData/Local/Programs/MiKTeX/tex/generic/pgf/basiclayer/pgfcor
e.code.tex
Package: pgfcore 2023-01-15 v3.1.10 (3.1.10)

(C:/Users/Xexeo/AppData/Local/Programs/MiKTeX/tex/generic/pgf/math/pgfmath.code
.tex
(C:/Users/Xexeo/AppData/Local/Programs/MiKTeX/tex/generic/pgf/math/pgfmathutil.
code.tex)
(C:/Users/Xexeo/AppData/Local/Programs/MiKTeX/tex/generic/pgf/math/pgfmathparse
r.code.tex
\pgfmath@dimen=\dimen172
\pgfmath@count=\count291
\pgfmath@box=\box55
\pgfmath@toks=\toks28
\pgfmath@stack@operand=\toks29
\pgfmath@stack@operation=\toks30
)
(C:/Users/Xexeo/AppData/Local/Programs/MiKTeX/tex/generic/pgf/math/pgfmathfunct
ions.code.tex)
(C:/Users/Xexeo/AppData/Local/Programs/MiKTeX/tex/generic/pgf/math/pgfmathfunct
ions.basic.code.tex)
(C:/Users/Xexeo/AppData/Local/Programs/MiKTeX/tex/generic/pgf/math/pgfmathfunct
ions.trigonometric.code.tex)
(C:/Users/Xexeo/AppData/Local/Programs/MiKTeX/tex/generic/pgf/math/pgfmathfunct
ions.random.code.tex)
(C:/Users/Xexeo/AppData/Local/Programs/MiKTeX/tex/generic/pgf/math/pgfmathfunct
ions.comparison.code.tex)
(C:/Users/Xexeo/AppData/Local/Programs/MiKTeX/tex/generic/pgf/math/pgfmathfunct
ions.base.code.tex)
(C:/Users/Xexeo/AppData/Local/Programs/MiKTeX/tex/generic/pgf/math/pgfmathfunct
ions.round.code.tex)
(C:/Users/Xexeo/AppData/Local/Programs/MiKTeX/tex/generic/pgf/math/pgfmathfunct
ions.misc.code.tex)
(C:/Users/Xexeo/AppData/Local/Programs/MiKTeX/tex/generic/pgf/math/pgfmathfunct
ions.integerarithmetics.code.tex)
(C:/Users/Xexeo/AppData/Local/Programs/MiKTeX/tex/generic/pgf/math/pgfmathcalc.
code.tex)
(C:/Users/Xexeo/AppData/Local/Programs/MiKTeX/tex/generic/pgf/math/pgfmathfloat
.code.tex
\c@pgfmathroundto@lastzeros=\count292
))
(C:/Users/Xexeo/AppData/Local/Programs/MiKTeX/tex/generic/pgf/math/pgfint.code.
tex)
(C:/Users/Xexeo/AppData/Local/Programs/MiKTeX/tex/generic/pgf/basiclayer/pgfcor
epoints.code.tex
File: pgfcorepoints.code.tex 2023-01-15 v3.1.10 (3.1.10)
\pgf@picminx=\dimen173
\pgf@picmaxx=\dimen174
\pgf@picminy=\dimen175
\pgf@picmaxy=\dimen176
\pgf@pathminx=\dimen177
\pgf@pathmaxx=\dimen178
\pgf@pathminy=\dimen179
\pgf@pathmaxy=\dimen180
\pgf@xx=\dimen181
\pgf@xy=\dimen182
\pgf@yx=\dimen183
\pgf@yy=\dimen184
\pgf@zx=\dimen185
\pgf@zy=\dimen186
)
(C:/Users/Xexeo/AppData/Local/Programs/MiKTeX/tex/generic/pgf/basiclayer/pgfcor
epathconstruct.code.tex
File: pgfcorepathconstruct.code.tex 2023-01-15 v3.1.10 (3.1.10)
\pgf@path@lastx=\dimen187
\pgf@path@lasty=\dimen188
)
(C:/Users/Xexeo/AppData/Local/Programs/MiKTeX/tex/generic/pgf/basiclayer/pgfcor
epathusage.code.tex
File: pgfcorepathusage.code.tex 2023-01-15 v3.1.10 (3.1.10)
\pgf@shorten@end@additional=\dimen189
\pgf@shorten@start@additional=\dimen190
)
(C:/Users/Xexeo/AppData/Local/Programs/MiKTeX/tex/generic/pgf/basiclayer/pgfcor
escopes.code.tex
File: pgfcorescopes.code.tex 2023-01-15 v3.1.10 (3.1.10)
\pgfpic=\box56
\pgf@hbox=\box57
\pgf@layerbox@main=\box58
\pgf@picture@serial@count=\count293
)
(C:/Users/Xexeo/AppData/Local/Programs/MiKTeX/tex/generic/pgf/basiclayer/pgfcor
egraphicstate.code.tex
File: pgfcoregraphicstate.code.tex 2023-01-15 v3.1.10 (3.1.10)
\pgflinewidth=\dimen191
)
(C:/Users/Xexeo/AppData/Local/Programs/MiKTeX/tex/generic/pgf/basiclayer/pgfcor
etransformations.code.tex
File: pgfcoretransformations.code.tex 2023-01-15 v3.1.10 (3.1.10)
\pgf@pt@x=\dimen192
\pgf@pt@y=\dimen193
\pgf@pt@temp=\dimen194
)
(C:/Users/Xexeo/AppData/Local/Programs/MiKTeX/tex/generic/pgf/basiclayer/pgfcor
equick.code.tex
File: pgfcorequick.code.tex 2023-01-15 v3.1.10 (3.1.10)
)
(C:/Users/Xexeo/AppData/Local/Programs/MiKTeX/tex/generic/pgf/basiclayer/pgfcor
eobjects.code.tex
File: pgfcoreobjects.code.tex 2023-01-15 v3.1.10 (3.1.10)
)
(C:/Users/Xexeo/AppData/Local/Programs/MiKTeX/tex/generic/pgf/basiclayer/pgfcor
epathprocessing.code.tex
File: pgfcorepathprocessing.code.tex 2023-01-15 v3.1.10 (3.1.10)
)
(C:/Users/Xexeo/AppData/Local/Programs/MiKTeX/tex/generic/pgf/basiclayer/pgfcor
earrows.code.tex
File: pgfcorearrows.code.tex 2023-01-15 v3.1.10 (3.1.10)
\pgfarrowsep=\dimen195
)
(C:/Users/Xexeo/AppData/Local/Programs/MiKTeX/tex/generic/pgf/basiclayer/pgfcor
eshade.code.tex
File: pgfcoreshade.code.tex 2023-01-15 v3.1.10 (3.1.10)
\pgf@max=\dimen196
\pgf@sys@shading@range@num=\count294
\pgf@shadingcount=\count295
)
(C:/Users/Xexeo/AppData/Local/Programs/MiKTeX/tex/generic/pgf/basiclayer/pgfcor
eimage.code.tex
File: pgfcoreimage.code.tex 2023-01-15 v3.1.10 (3.1.10)
)
(C:/Users/Xexeo/AppData/Local/Programs/MiKTeX/tex/generic/pgf/basiclayer/pgfcor
eexternal.code.tex
File: pgfcoreexternal.code.tex 2023-01-15 v3.1.10 (3.1.10)
\pgfexternal@startupbox=\box59
)
(C:/Users/Xexeo/AppData/Local/Programs/MiKTeX/tex/generic/pgf/basiclayer/pgfcor
elayers.code.tex
File: pgfcorelayers.code.tex 2023-01-15 v3.1.10 (3.1.10)
)
(C:/Users/Xexeo/AppData/Local/Programs/MiKTeX/tex/generic/pgf/basiclayer/pgfcor
etransparency.code.tex
File: pgfcoretransparency.code.tex 2023-01-15 v3.1.10 (3.1.10)
)
(C:/Users/Xexeo/AppData/Local/Programs/MiKTeX/tex/generic/pgf/basiclayer/pgfcor
epatterns.code.tex
File: pgfcorepatterns.code.tex 2023-01-15 v3.1.10 (3.1.10)
)
(C:/Users/Xexeo/AppData/Local/Programs/MiKTeX/tex/generic/pgf/basiclayer/pgfcor
erdf.code.tex
File: pgfcorerdf.code.tex 2023-01-15 v3.1.10 (3.1.10)
)))
(C:/Users/Xexeo/AppData/Local/Programs/MiKTeX/tex/generic/pgf/modules/pgfmodule
shapes.code.tex
File: pgfmoduleshapes.code.tex 2023-01-15 v3.1.10 (3.1.10)
\pgfnodeparttextbox=\box60
)
(C:/Users/Xexeo/AppData/Local/Programs/MiKTeX/tex/generic/pgf/modules/pgfmodule
plot.code.tex
File: pgfmoduleplot.code.tex 2023-01-15 v3.1.10 (3.1.10)
)
(C:/Users/Xexeo/AppData/Local/Programs/MiKTeX/tex/latex/pgf/compatibility/pgfco
mp-version-0-65.sty
Package: pgfcomp-version-0-65 2023-01-15 v3.1.10 (3.1.10)
\pgf@nodesepstart=\dimen197
\pgf@nodesepend=\dimen198
)
(C:/Users/Xexeo/AppData/Local/Programs/MiKTeX/tex/latex/pgf/compatibility/pgfco
mp-version-1-18.sty
Package: pgfcomp-version-1-18 2023-01-15 v3.1.10 (3.1.10)
))
(C:/Users/Xexeo/AppData/Local/Programs/MiKTeX/tex/latex/tools/verbatim.sty
Package: verbatim 2024-01-22 v1.5x LaTeX2e package for verbatim enhancements
\every@verbatim=\toks31
\verbatim@line=\toks32
\verbatim@in@stream=\read4
)
(C:/Users/Xexeo/AppData/Local/Programs/MiKTeX/tex/latex/environ/environ.sty
Package: environ 2014/05/04 v0.3 A new way to define environments

(C:/Users/Xexeo/AppData/Local/Programs/MiKTeX/tex/latex/trimspaces/trimspaces.s
ty
Package: trimspaces 2009/09/17 v1.1 Trim spaces around a token list
)
\@envbody=\toks33
)
\tcb@titlebox=\box61
\tcb@upperbox=\box62
\tcb@lowerbox=\box63
\tcb@phantombox=\box64
\c@tcbbreakpart=\count296
\c@tcblayer=\count297
\c@tcolorbox@number=\count298
\l__tcobox_tmpa_box=\box65
\l__tcobox_tmpa_dim=\dimen199
\tcb@temp=\box66
\tcb@temp=\box67
\tcb@temp=\box68
\tcb@temp=\box69
)
(C:/Users/Xexeo/AppData/Local/Programs/MiKTeX/tex/latex/hyperref/hyperref.sty
Package: hyperref 2024-05-23 v7.01i Hypertext links for LaTeX

(C:/Users/Xexeo/AppData/Local/Programs/MiKTeX/tex/latex/kvsetkeys/kvsetkeys.sty
Package: kvsetkeys 2022-10-05 v1.19 Key value parser (HO)
)
(C:/Users/Xexeo/AppData/Local/Programs/MiKTeX/tex/generic/kvdefinekeys/kvdefine
keys.sty
Package: kvdefinekeys 2019-12-19 v1.6 Define keys (HO)
)
(C:/Users/Xexeo/AppData/Local/Programs/MiKTeX/tex/generic/pdfescape/pdfescape.s
ty
Package: pdfescape 2019/12/09 v1.15 Implements pdfTeX's escape features (HO)

(C:/Users/Xexeo/AppData/Local/Programs/MiKTeX/tex/generic/ltxcmds/ltxcmds.sty
Package: ltxcmds 2023-12-04 v1.26 LaTeX kernel commands for general use (HO)
)
(C:/Users/Xexeo/AppData/Local/Programs/MiKTeX/tex/generic/pdftexcmds/pdftexcmds
.sty
Package: pdftexcmds 2020-06-27 v0.33 Utility functions of pdfTeX for LuaTeX (HO
)

(C:/Users/Xexeo/AppData/Local/Programs/MiKTeX/tex/generic/infwarerr/infwarerr.s
ty
Package: infwarerr 2019/12/03 v1.5 Providing info/warning/error messages (HO)
)
Package pdftexcmds Info: \pdf@primitive is available.
Package pdftexcmds Info: \pdf@ifprimitive is available.
Package pdftexcmds Info: \pdfdraftmode found.
\pdftexcmds@toks=\toks34
))
(C:/Users/Xexeo/AppData/Local/Programs/MiKTeX/tex/latex/hycolor/hycolor.sty
Package: hycolor 2020-01-27 v1.10 Color options for hyperref/bookmark (HO)
)
(C:/Users/Xexeo/AppData/Local/Programs/MiKTeX/tex/latex/hyperref/nameref.sty
Package: nameref 2023-11-26 v2.56 Cross-referencing by name of section

(C:/Users/Xexeo/AppData/Local/Programs/MiKTeX/tex/latex/refcount/refcount.sty
Package: refcount 2019/12/15 v3.6 Data extraction from label references (HO)
)
(C:/Users/Xexeo/AppData/Local/Programs/MiKTeX/tex/generic/gettitlestring/gettit
lestring.sty
Package: gettitlestring 2019/12/15 v1.6 Cleanup title references (HO)

(C:/Users/Xexeo/AppData/Local/Programs/MiKTeX/tex/latex/kvoptions/kvoptions.sty
Package: kvoptions 2022-06-15 v3.15 Key value format for package options (HO)
))
\c@section@level=\count299
)
(C:/Users/Xexeo/AppData/Local/Programs/MiKTeX/tex/generic/stringenc/stringenc.s
ty
Package: stringenc 2019/11/29 v1.12 Convert strings between diff. encodings (HO
)
)
\@linkdim=\dimen256
\Hy@linkcounter=\count300
\Hy@pagecounter=\count301
 (C:/Users/Xexeo/AppData/Local/Programs/MiKTeX/tex/latex/hyperref/pd1enc.def
File: pd1enc.def 2024-05-23 v7.01i Hyperref: PDFDocEncoding definition (HO)
) (C:/Users/Xexeo/AppData/Local/Programs/MiKTeX/tex/generic/intcalc/intcalc.sty
Package: intcalc 2019/12/15 v1.3 Expandable calculations with integers (HO)
)
\Hy@SavedSpaceFactor=\count302
 (C:/Users/Xexeo/AppData/Local/Programs/MiKTeX/tex/latex/hyperref/puenc.def
File: puenc.def 2024-05-23 v7.01i Hyperref: PDF Unicode definition (HO)
)
Package hyperref Info: Hyper figures OFF on input line 4157.
Package hyperref Info: Link nesting OFF on input line 4162.
Package hyperref Info: Hyper index ON on input line 4165.
Package hyperref Info: Plain pages OFF on input line 4172.
Package hyperref Info: Backreferencing OFF on input line 4177.
Package hyperref Info: Implicit mode ON; LaTeX internals redefined.
Package hyperref Info: Bookmarks ON on input line 4424.
\c@Hy@tempcnt=\count303

(C:/Users/Xexeo/AppData/Local/Programs/MiKTeX/tex/latex/url/url.sty
\Urlmuskip=\muskip17
Package: url 2013/09/16  ver 3.4  Verb mode for urls, etc.
)
LaTeX Info: Redefining \url on input line 4763.
\XeTeXLinkMargin=\dimen257

(C:/Users/Xexeo/AppData/Local/Programs/MiKTeX/tex/generic/bitset/bitset.sty
Package: bitset 2019/12/09 v1.3 Handle bit-vector datatype (HO)

(C:/Users/Xexeo/AppData/Local/Programs/MiKTeX/tex/generic/bigintcalc/bigintcalc
.sty
Package: bigintcalc 2019/12/15 v1.5 Expandable calculations on big integers (HO
)
))
\Fld@menulength=\count304
\Field@Width=\dimen258
\Fld@charsize=\dimen259
Package hyperref Info: Hyper figures OFF on input line 6042.
Package hyperref Info: Link nesting OFF on input line 6047.
Package hyperref Info: Hyper index ON on input line 6050.
Package hyperref Info: backreferencing OFF on input line 6057.
Package hyperref Info: Link coloring OFF on input line 6062.
Package hyperref Info: Link coloring with OCG OFF on input line 6067.
Package hyperref Info: PDF/A mode OFF on input line 6072.

(C:/Users/Xexeo/AppData/Local/Programs/MiKTeX/tex/latex/base/atbegshi-ltx.sty
Package: atbegshi-ltx 2021/01/10 v1.0c Emulation of the original atbegshi
package with kernel methods
)
\Hy@abspage=\count305
\c@Item=\count306
\c@Hfootnote=\count307
)
Package hyperref Info: Driver (autodetected): hluatex.
(C:/Users/Xexeo/AppData/Local/Programs/MiKTeX/tex/latex/hyperref/hluatex.def
File: hluatex.def 2024-05-23 v7.01i Hyperref driver for luaTeX

(C:/Users/Xexeo/AppData/Local/Programs/MiKTeX/tex/latex/base/atveryend-ltx.sty
Package: atveryend-ltx 2020/08/19 v1.0a Emulation of the original atveryend pac
kage
with kernel methods
)
\Fld@listcount=\count308
\c@bookmark@seq@number=\count309

(C:/Users/Xexeo/AppData/Local/Programs/MiKTeX/tex/latex/rerunfilecheck/rerunfil
echeck.sty
Package: rerunfilecheck 2022-07-10 v1.10 Rerun checks for auxiliary files (HO)

(C:/Users/Xexeo/AppData/Local/Programs/MiKTeX/tex/generic/uniquecounter/uniquec
ounter.sty
Package: uniquecounter 2019/12/15 v1.4 Provide unlimited unique counter (HO)
)
Package uniquecounter Info: New unique counter `rerunfilecheck' on input line 2
85.
)
\Hy@SectionHShift=\skip53
)
(C:/Users/Xexeo/AppData/Local/Programs/MiKTeX/tex/latex/fancyhdr/fancyhdr.sty
Package: fancyhdr 2024/04/23 v4.2 Extensive control of page headers and footers

\f@nch@headwidth=\skip54
\f@nch@O@elh=\skip55
\f@nch@O@erh=\skip56
\f@nch@O@olh=\skip57
\f@nch@O@orh=\skip58
\f@nch@O@elf=\skip59
\f@nch@O@erf=\skip60
\f@nch@O@olf=\skip61
\f@nch@O@orf=\skip62
)
(C:/Users/Xexeo/AppData/Local/Programs/MiKTeX/tex/latex/parskip/parskip.sty
Package: parskip 2021-03-14 v2.0h non-zero parskip adjustments
)
(C:/Users/Xexeo/AppData/Local/Programs/MiKTeX/tex/latex/tools/indentfirst.sty
Package: indentfirst 2023/07/02 v1.03 Indent first paragraph (DPC)
)
(C:/Users/Xexeo/AppData/Local/Programs/MiKTeX/tex/latex/montserrat/Montserrat.f
ontspec)
luaotfload | cache : Lookup cache loaded from C:/Users/Xexeo/AppData/Local/MiKTe
X/luatex-cache/generic/names/luaotfload-lookup-cache.luc.
(C:/Users/Xexeo/AppData/Local/Programs/MiKTeX/tex/latex/montserrat/Montserrat.f
ontspec)
(C:/Users/Xexeo/AppData/Local/Programs/MiKTeX/tex/latex/montserrat/Montserrat.f
ontspec)

Package fontspec Info: 
(fontspec)             Font family 'Montserrat(0)' created for font
(fontspec)             'Montserrat' with options [Ligatures=TeX].
(fontspec)              
(fontspec)              This font family consists of the following NFSS
(fontspec)             series/shapes:
(fontspec)              
(fontspec)             - 'normal' (m/n) with NFSS spec.:
(fontspec)             <->"name:Montserrat:mode=node;script=latn;language=dflt;
+tlig;"
(fontspec)             - 'small caps'  (m/sc) with NFSS spec.:
(fontspec)             <->"name:Montserrat:mode=node;script=latn;language=dflt;
+tlig;+smcp;"
(fontspec)             - 'bold' (b/n) with NFSS spec.:
(fontspec)             <->"name:Montserrat/B:mode=node;script=latn;language=dfl
t;+tlig;"
(fontspec)             - 'bold small caps'  (b/sc) with NFSS spec.:
(fontspec)             <->"name:Montserrat/B:mode=node;script=latn;language=dfl
t;+tlig;+smcp;"
(fontspec)             - 'italic' (m/it) with NFSS spec.:
(fontspec)             <->"name:Montserrat/I:mode=node;script=latn;language=dfl
t;+tlig;"
(fontspec)             - 'italic small caps'  (m/scit) with NFSS spec.:
(fontspec)             <->"name:Montserrat/I:mode=node;script=latn;language=dfl
t;+tlig;+smcp;"
(fontspec)             - 'bold italic' (b/it) with NFSS spec.:
(fontspec)             <->"name:Montserrat/BI:mode=node;script=latn;language=df
lt;+tlig;"
(fontspec)             - 'bold italic small caps'  (b/scit) with NFSS spec.:
(fontspec)             <->"name:Montserrat/BI:mode=node;script=latn;language=df
lt;+tlig;+smcp;"


(C:/Users/Xexeo/AppData/Local/Programs/MiKTeX/tex/latex/montserrat/Montserrat.f
ontspec)

Package fontspec Info: 
(fontspec)             Could not resolve font "Montserrat Bold/BI" (it
(fontspec)             probably doesn't exist).


Package fontspec Info: 
(fontspec)             Could not resolve font "Montserrat Bold/B" (it probably
(fontspec)             doesn't exist).


Package fontspec Info: 
(fontspec)             Could not resolve font "Montserrat Bold/I" (it probably
(fontspec)             doesn't exist).


Package fontspec Info: 
(fontspec)             Font family 'MontserratBold(0)' created for font
(fontspec)             'Montserrat Bold' with options [].
(fontspec)              
(fontspec)              This font family consists of the following NFSS
(fontspec)             series/shapes:
(fontspec)              
(fontspec)             - 'normal' (m/n) with NFSS spec.: <->"name:Montserrat
(fontspec)             Bold:mode=node;script=latn;language=dflt;"
(fontspec)             - 'small caps'  (m/sc) with NFSS spec.:
(fontspec)             <->"name:Montserrat
(fontspec)             Bold:mode=node;script=latn;language=dflt;+smcp;"

Package hyperref Info: Option `colorlinks' set `true' on input line 94.
)
(C:/Users/Xexeo/AppData/Local/Programs/MiKTeX/tex/latex/imakeidx/imakeidx.sty
Package: imakeidx 2016/10/15 v1.3e Package for typesetting indices in a synchro
nous mode

(C:/Users/Xexeo/AppData/Local/Programs/MiKTeX/tex/latex/xkeyval/xkeyval.sty
Package: xkeyval 2022/06/16 v2.9 package option processing (HA)

(C:/Users/Xexeo/AppData/Local/Programs/MiKTeX/tex/generic/xkeyval/xkeyval.tex
(C:/Users/Xexeo/AppData/Local/Programs/MiKTeX/tex/generic/xkeyval/xkvutils.tex
\XKV@toks=\toks35
\XKV@tempa@toks=\toks36
)
\XKV@depth=\count310
File: xkeyval.tex 2014/12/03 v2.7a key=value parser (HA)
)) (C:/Users/Xexeo/AppData/Local/Programs/MiKTeX/tex/generic/iftex/ifxetex.sty
Package: ifxetex 2019/10/25 v0.7 ifxetex legacy package. Use iftex instead.
) (C:/Users/Xexeo/AppData/Local/Programs/MiKTeX/tex/generic/iftex/ifluatex.sty
Package: ifluatex 2019/10/25 v1.5 ifluatex legacy package. Use iftex instead.
)
(C:/Users/Xexeo/AppData/Local/Programs/MiKTeX/tex/latex/tools/multicol.sty
Package: multicol 2024/05/23 v1.9h multicolumn formatting (FMi)
\c@tracingmulticols=\count311
\mult@box=\box70
\multicol@leftmargin=\dimen260
\c@unbalance=\count312
\c@collectmore=\count313
\doublecol@number=\count314
\multicoltolerance=\count315
\multicolpretolerance=\count316
\full@width=\dimen261
\page@free=\dimen262
\premulticols=\dimen263
\postmulticols=\dimen264
\multicolsep=\skip63
\multicolbaselineskip=\skip64
\partial@page=\box71
\last@line=\box72
\mc@boxedresult=\box73
\maxbalancingoverflow=\dimen265
\mult@rightbox=\box74
\mult@grightbox=\box75
\mult@firstbox=\box76
\mult@gfirstbox=\box77
\@tempa=\box78
\@tempa=\box79
\@tempa=\box80
\@tempa=\box81
\@tempa=\box82
\@tempa=\box83
\@tempa=\box84
\@tempa=\box85
\@tempa=\box86
\@tempa=\box87
\@tempa=\box88
\@tempa=\box89
\@tempa=\box90
\@tempa=\box91
\@tempa=\box92
\@tempa=\box93
\@tempa=\box94
\@tempa=\box95
\@tempa=\box96
\@tempa=\box97
\@tempa=\box98
\@tempa=\box99
\@tempa=\box100
\@tempa=\box101
\@tempa=\box102
\@tempa=\box103
\@tempa=\box104
\@tempa=\box105
\@tempa=\box106
\@tempa=\box107
\@tempa=\box108
\@tempa=\box109
\@tempa=\box110
\@tempa=\box111
\@tempa=\box112
\@tempa=\box113
\c@minrows=\count317
\c@columnbadness=\count318
\c@finalcolumnbadness=\count319
\last@try=\dimen266
\multicolovershoot=\dimen267
\multicolundershoot=\dimen268
\mult@nat@firstbox=\box114
\colbreak@box=\box115
\mc@col@check@num=\count320
))
\BarraDasGarças@idxfile=\write4

\openout4 = BarraDasGarças.idx

Writing index file BarraDasGarças.idx
No file BarraDasGarças.aux.

\openout1 = BarraDasGarças.aux
LaTeX Font Info:    Checking defaults for OML/cmm/m/it on input line 17.
LaTeX Font Info:    ... okay on input line 17.
LaTeX Font Info:    Checking defaults for OMS/cmsy/m/n on input line 17.
LaTeX Font Info:    ... okay on input line 17.
LaTeX Font Info:    Checking defaults for OT1/cmr/m/n on input line 17.
LaTeX Font Info:    ... okay on input line 17.
LaTeX Font Info:    Checking defaults for T1/cmr/m/n on input line 17.
LaTeX Font Info:    ... okay on input line 17.
LaTeX Font Info:    Checking defaults for TS1/cmr/m/n on input line 17.
LaTeX Font Info:    Trying to load font information for TS1+cmr on input line 1
7.
(C:/Users/Xexeo/AppData/Local/Programs/MiKTeX/tex/latex/base/ts1cmr.fd
File: ts1cmr.fd 2023/04/13 v2.5m Standard LaTeX font definitions
)
LaTeX Font Info:    ... okay on input line 17.
LaTeX Font Info:    Checking defaults for TU/lmr/m/n on input line 17.
LaTeX Font Info:    ... okay on input line 17.
LaTeX Font Info:    Checking defaults for OMX/cmex/m/n on input line 17.
LaTeX Font Info:    ... okay on input line 17.
LaTeX Font Info:    Checking defaults for U/cmr/m/n on input line 17.
LaTeX Font Info:    ... okay on input line 17.
LaTeX Font Info:    Checking defaults for PD1/pdf/m/n on input line 17.
LaTeX Font Info:    ... okay on input line 17.
LaTeX Font Info:    Checking defaults for PU/pdf/m/n on input line 17.
LaTeX Font Info:    ... okay on input line 17.

*geometry* driver: auto-detecting
*geometry* detected driver: luatex
*geometry* verbose mode - [ preamble ] result:
* driver: luatex
* paper: a4paper
* layout: <same size as paper>
* layoutoffset:(h,v)=(0.0pt,0.0pt)
* modes: twoside 
* h-part:(L,W,R)=(72.26999pt, 452.9679pt, 72.26999pt)
* v-part:(T,H,B)=(72.26999pt, 700.50687pt, 72.26999pt)
* \paperwidth=597.50787pt
* \paperheight=845.04684pt
* \textwidth=452.9679pt
* \textheight=700.50687pt
* \oddsidemargin=0.0pt
* \evensidemargin=0.0pt
* \topmargin=-31.8738pt
* \headheight=15.23404pt
* \headsep=19.8738pt
* \topskip=12.0pt
* \footskip=30.0pt
* \marginparwidth=88.0pt
* \marginparsep=7.0pt
* \columnsep=10.0pt
* \skip\footins=10.8pt plus 4.0pt minus 2.0pt
* \hoffset=0.0pt
* \voffset=0.0pt
* \mag=1000
* \@twocolumnfalse
* \@twosidetrue
* \@mparswitchtrue
* \@reversemarginfalse
* (1in=72.27pt=25.4mm, 1cm=28.453pt)


(C:/Users/Xexeo/AppData/Local/Programs/MiKTeX/tex/context/base/mkii/supp-pdf.mk
ii
[Loading MPS to PDF converter (version 2006.09.02).]
\scratchcounter=\count321
\scratchdimen=\dimen269
\scratchbox=\box116
\nofMPsegments=\count322
\nofMParguments=\count323
\everyMPshowfont=\toks37
\MPscratchCnt=\count324
\MPscratchDim=\dimen270
\MPnumerator=\count325
\makeMPintoPDFobject=\count326
\everyMPtoPDFconversion=\toks38
)
(C:/Users/Xexeo/AppData/Local/Programs/MiKTeX/tex/latex/epstopdf-pkg/epstopdf-b
ase.sty
Package: epstopdf-base 2020-01-24 v2.11 Base part for package epstopdf
Package epstopdf-base Info: Redefining graphics rule for `.eps' on input line 4
85.

(C:/Users/Xexeo/AppData/Local/Programs/MiKTeX/tex/latex/00miktex/epstopdf-sys.c
fg
File: epstopdf-sys.cfg 2021/03/18 v2.0 Configuration of epstopdf for MiKTeX
))

Package fontspec Info: 
(fontspec)             Adjusting the maths setup (use [no-math] to avoid
(fontspec)             this).

\symlegacymaths=\mathgroup4
LaTeX Font Info:    Overwriting symbol font `legacymaths' in version `bold'
(Font)                  OT1/cmr/m/n --> OT1/cmr/bx/n on input line 17.
LaTeX Font Info:    Redeclaring math accent \acute on input line 17.
LaTeX Font Info:    Redeclaring math accent \grave on input line 17.
LaTeX Font Info:    Redeclaring math accent \ddot on input line 17.
LaTeX Font Info:    Redeclaring math accent \tilde on input line 17.
LaTeX Font Info:    Redeclaring math accent \bar on input line 17.
LaTeX Font Info:    Redeclaring math accent \breve on input line 17.
LaTeX Font Info:    Redeclaring math accent \check on input line 17.
LaTeX Font Info:    Redeclaring math accent \hat on input line 17.
LaTeX Font Info:    Redeclaring math accent \dot on input line 17.
LaTeX Font Info:    Redeclaring math accent \mathring on input line 17.
LaTeX Font Info:    Redeclaring math symbol \colon on input line 17.
LaTeX Font Info:    Redeclaring math symbol \Gamma on input line 17.
LaTeX Font Info:    Redeclaring math symbol \Delta on input line 17.
LaTeX Font Info:    Redeclaring math symbol \Theta on input line 17.
LaTeX Font Info:    Redeclaring math symbol \Lambda on input line 17.
LaTeX Font Info:    Redeclaring math symbol \Xi on input line 17.
LaTeX Font Info:    Redeclaring math symbol \Pi on input line 17.
LaTeX Font Info:    Redeclaring math symbol \Sigma on input line 17.
LaTeX Font Info:    Redeclaring math symbol \Upsilon on input line 17.
LaTeX Font Info:    Redeclaring math symbol \Phi on input line 17.
LaTeX Font Info:    Redeclaring math symbol \Psi on input line 17.
LaTeX Font Info:    Redeclaring math symbol \Omega on input line 17.
LaTeX Font Info:    Redeclaring math symbol \mathdollar on input line 17.
LaTeX Font Info:    Redeclaring symbol font `operators' on input line 17.
LaTeX Font Info:    Encoding `OT1' has changed to `TU' for symbol font
(Font)              `operators' in the math version `normal' on input line 17.
LaTeX Font Info:    Overwriting symbol font `operators' in version `normal'
(Font)                  OT1/cmr/m/n --> TU/Montserrat(0)/m/n on input line 17.
LaTeX Font Info:    Encoding `OT1' has changed to `TU' for symbol font
(Font)              `operators' in the math version `bold' on input line 17.
LaTeX Font Info:    Overwriting symbol font `operators' in version `bold'
(Font)                  OT1/cmr/bx/n --> TU/Montserrat(0)/m/n on input line 17.

LaTeX Font Info:    Overwriting symbol font `operators' in version `normal'
(Font)                  TU/Montserrat(0)/m/n --> TU/Montserrat(0)/m/n on input 
line 17.
LaTeX Font Info:    Overwriting math alphabet `\mathit' in version `normal'
(Font)                  OT1/cmr/m/it --> TU/Montserrat(0)/m/it on input line 17
.
LaTeX Font Info:    Overwriting math alphabet `\mathbf' in version `normal'
(Font)                  OT1/cmr/bx/n --> TU/Montserrat(0)/b/n on input line 17.

LaTeX Font Info:    Overwriting math alphabet `\mathsf' in version `normal'
(Font)                  OT1/cmss/m/n --> TU/Montserrat(0)/m/n on input line 17.

LaTeX Font Info:    Overwriting math alphabet `\mathtt' in version `normal'
(Font)                  OT1/cmtt/m/n --> TU/lmtt/m/n on input line 17.
LaTeX Font Info:    Overwriting symbol font `operators' in version `bold'
(Font)                  TU/Montserrat(0)/m/n --> TU/Montserrat(0)/b/n on input 
line 17.
LaTeX Font Info:    Overwriting math alphabet `\mathit' in version `bold'
(Font)                  OT1/cmr/bx/it --> TU/Montserrat(0)/b/it on input line 1
7.
LaTeX Font Info:    Overwriting math alphabet `\mathsf' in version `bold'
(Font)                  OT1/cmss/bx/n --> TU/Montserrat(0)/b/n on input line 17
.
LaTeX Font Info:    Overwriting math alphabet `\mathtt' in version `bold'
(Font)                  OT1/cmtt/m/n --> TU/lmtt/b/n on input line 17.
Package hyperref Info: Link coloring ON on input line 17.
\@outlinefile=\write5

\openout5 = BarraDasGarças.out
<imagens/capaboa.png, id=6, 1027.84pt x 1027.84pt>
File: imagens/capaboa.png Graphic file (type png)
<use imagens/capaboa.png>
Package luatex.def Info: imagens/capaboa.png  used on input line 23.
(luatex.def)             Requested size: 271.7835pt x 271.78032pt.


LaTeX Font Warning: Font shape `TU/MontserratBold(0)/b/n' undefined
(Font)              using `TU/MontserratBold(0)/m/n' instead on input line 23.

<imagens/capamal.png, id=7, 1027.84pt x 1027.84pt>
File: imagens/capamal.png Graphic file (type png)
<use imagens/capamal.png>
Package luatex.def Info: imagens/capamal.png  used on input line 23.
(luatex.def)             Requested size: 271.7835pt x 271.78032pt.


[1


{C:/Users/Xexeo/AppData/Local/MiKTeX/fonts/map/pdftex/pdftex.map}<./imagens/capa
boa.png><./imagens/capamal.png>]

[2]
<imagens/ANVESN_LOGO.png, id=19, 485.085pt x 485.085pt>
File: imagens/ANVESN_LOGO.png Graphic file (type png)
<use imagens/ANVESN_LOGO.png>
Package luatex.def Info: imagens/ANVESN_LOGO.png  used on input line 27.
(luatex.def)             Requested size: 436.57246pt x 436.57246pt.


[3<./imagens/ANVESN_LOGO.png>]
No file BarraDasGarças.toc.
\tf@toc=\write6

\openout6 = BarraDasGarças.toc
(./capitulos/intro.tex
Cap\'{\i }tulo 1.
<imagens/barra.png, id=25, 741.77126pt x 416.55624pt>
File: imagens/barra.png Graphic file (type png)
<use imagens/barra.png>
Package luatex.def Info: imagens/barra.png  used on input line 9.
(luatex.def)             Requested size: 362.37569pt x 203.50415pt.

Underfull \vbox (badness 10000) has occurred while \output is active []



[4]) (./capitulos/missao.tex
Cap\'{\i }tulo 2.


[5<./imagens/barra.png>]
Overfull \hbox (4.9721pt too wide) in paragraph at lines 19--20
[]\TU/Montserrat(0)/b/n/12 Fo-fo-queira Lo-cal, Dona Lur-di-nha\TU/Montserrat(0
)/m/n/12 : Dona Lur-di-nha, pro-pri-e-tá-ria da venda
 []



[6]) (./capitulos/locais.tex
Cap\'{\i }tulo 3.


[7]
<imagens/lurdinha.png, id=54, 1027.84pt x 1027.84pt>
File: imagens/lurdinha.png Graphic file (type png)
<use imagens/lurdinha.png>
Package luatex.def Info: imagens/lurdinha.png  used on input line 18.
(luatex.def)             Requested size: 226.48395pt x 226.47054pt.

Underfull \vbox (badness 10000) has occurred while \output is active []



[8<./imagens/lurdinha.png>]
<imagens/domino.png, id=61, 1798.72pt x 1027.84pt>
File: imagens/domino.png Graphic file (type png)
<use imagens/domino.png>
Package luatex.def Info: imagens/domino.png  used on input line 41.
(luatex.def)             Requested size: 226.48395pt x 129.40501pt.


[9<./imagens/domino.png>]
Overfull \hbox (12.94958pt too wide) in paragraph at lines 56--57
\TU/Montserrat(0)/m/n/12 tra-té-gias de de-fesa con-tra ”in-va-so-res do c
éu”, que pro-va-vel-mente referem-
 []



[10]
Underfull \vbox (badness 10000) has occurred while \output is active []



[11]

[12]

[13]

[14]
Underfull \hbox (badness 1448) in paragraph at lines 260--264
[][]|\TU/Montserrat(0)/b/n/12 3.6.1.2 Dona Ce-lina – Pro-pri-e-tá-ria do Ho-t
el[]Nome: \TU/Montserrat(0)/m/n/12 Ce-lina Mar-ques
 []



[15]

[16]
Underfull \vbox (badness 10000) has occurred while \output is active []



[17]
Underfull \vbox (badness 10000) has occurred while \output is active []



[18]
Underfull \vbox (badness 10000) has occurred while \output is active []



[19]
Overfull \hbox (0.57332pt too wide) in paragraph at lines 395--396
[]\TU/Montserrat(0)/m/n/12 O jor-nal pos-sui uma pe-quena equipe de jor-na-lis-t
as que, em-bora te-nham
 []



[20]
Underfull \vbox (badness 10000) has occurred while \output is active []



[21]
Overfull \hbox (2.3576pt too wide) in paragraph at lines 462--463
\TU/Montserrat(0)/m/n/12 longo do tempo, fo-ram usa-das para au-men-tar o fas-c
í-nio mís-tico de Barra
 []



[22]
Overfull \hbox (6.03204pt too wide) in paragraph at lines 468--469
[]\TU/Montserrat(0)/b/n/12 Fo-to-gra-fias e Ne-ga-ti-vos An-ti-gos\TU/Montserra
t(0)/m/n/12 : Di-ver-sas fo-to-gra-fias em preto e branco
 []


Overfull \hbox (8.29866pt too wide) in paragraph at lines 470--471
\TU/Montserrat(0)/m/n/12 bo-ços de ar-ti-gos so-bre in-ves-ti-ga-ções aban-do
-na-das ou cen-su-ra-das. Jorge,
 []


Overfull \hbox (0.68797pt too wide) in paragraph at lines 482--483
\TU/Montserrat(0)/m/n/12 men-ci-ona uma “co-ne-xão pe-ri-gosa” en-tre fi-gu
-ras po-lí-ti-cas lo-cais e o fenô-
 []


Underfull \vbox (badness 1824) has occurred while \output is active []



[23]
Overfull \hbox (2.28639pt too wide) in paragraph at lines 501--503
[]\TU/Montserrat(0)/b/n/12 Des-cri-ção: \TU/Montserrat(0)/m/n/12 Lo-ca-li-zado
 pró-ximo ao ce-mi-té-rio, o Bar Lua Cheia é um ponto
 []



[24]

[25]

[26]
Underfull \vbox (badness 10000) has occurred while \output is active []



[27]

[28]) (./capitulos/religiosos.tex
Cap\'{\i }tulo 4.
<imagens/802.jpeg, id=199, 1284.8pt x 850.17625pt>
File: imagens/802.jpeg Graphic file (type jpg)
<use imagens/802.jpeg>
Package luatex.def Info: imagens/802.jpeg  used on input line 9.
(luatex.def)             Requested size: 226.48395pt x 149.8598pt.


[29<./imagens/802.jpeg>]
Overfull \hbox (0.96696pt too wide) in paragraph at lines 32--33
[] []|\TU/Montserrat(0)/b/n/12 4.1.3.1 O Fan-tasma do As-sas-si-nado – Em Busc
a de Jus-tiça[]Cena: \TU/Montserrat(0)/m/n/12 En-quanto
 []



[30]
Underfull \vbox (badness 1320) has occurred while \output is active []



[31]

[32]
Overfull \hbox (5.02858pt too wide) in paragraph at lines 101--102
[]\TU/Montserrat(0)/b/n/12 Apa-ri-ção Agres-siva\TU/Montserrat(0)/m/n/12 : O 
es-pí-rito surge de forma só-lida, tornando-se quase
 []


Overfull \hbox (9.57124pt too wide) in paragraph at lines 106--107
\TU/Montserrat(0)/m/n/12 com mé-to-dos so-bre-na-tu-rais, como ora-ções e s
ím-bo-los sa-gra-dos, para exorcizá-
 []


Overfull \hbox (0.2376pt too wide) in paragraph at lines 120--121
\TU/Montserrat(0)/m/n/12 com uma ar-qui-te-tura que re-monta aos pri-mei-ros ano
s da ci-dade, car-re-gando
 []



[33]

[34]

[35]
Overfull \hbox (7.21196pt too wide) in paragraph at lines 188--189
[]\TU/Montserrat(0)/b/n/12 Per-cep-ção Es-pi-ri-tual\TU/Montserrat(0)/m/n/12 
: Ele con-se-gue sen-tir pre-sen-ças es-pi-ri-tu-ais na igreja
 []


Overfull \hbox (13.09209pt too wide) in paragraph at lines 196--201
[] []|\TU/Montserrat(0)/b/n/12 4.2.10.2 Diá-cono Ma-teus Fon-tes[]Nome: \TU/Mo
ntserrat(0)/m/n/12 Ma-teus Fon-tes \TU/Montserrat(0)/b/n/12 Idade: \TU/Montserr
at(0)/m/n/12 29 anos \TU/Montserrat(0)/b/n/12 Cargo:
 []


Overfull \hbox (14.41762pt too wide) in paragraph at lines 213--214
\TU/Montserrat(0)/m/n/12 tem trei-na-mento bá-sico em exor-cismo, au-xi-li-ando
 Pa-dre An-selmo quando
 []


Overfull \hbox (4.4001pt too wide) in paragraph at lines 214--215
[]\TU/Montserrat(0)/b/n/12 Co-nhe-ci-mento de Re-li-gião e Len-das Lo-cais\TU/
Montserrat(0)/m/n/12 : Ele tem um co-nhe-ci-mento
 []


Overfull \hbox (2.77208pt too wide) in paragraph at lines 220--225
[] []|\TU/Montserrat(0)/b/n/12 4.2.10.3 Pa-dre An-selmo[]Nome: \TU/Montserrat(0
)/m/n/12 Pa-dre An-selmo Costa \TU/Montserrat(0)/b/n/12 Idade: \TU/Montserrat(0
)/m/n/12 54 anos \TU/Montserrat(0)/b/n/12 Cargo:
 []


Underfull \vbox (badness 2903) has occurred while \output is active []



[36]
Underfull \vbox (badness 10000) has occurred while \output is active []



[37]

[38]

[39]

[40]
Overfull \hbox (4.7867pt too wide) in paragraph at lines 338--339
\TU/Montserrat(0)/m/n/12 cluem vá-rias de-no-mi-na-ções com tem-plos es-pa-lh
a-dos por toda a ci-dade. Cada
 []



[41]

[42]

[43]

[44]) (./capitulos/misticos.tex
Cap\'{\i }tulo 5.


[45]
Underfull \vbox (badness 10000) has occurred while \output is active []



[46]

[47]
Underfull \vbox (badness 10000) has occurred while \output is active []



[48]

[49]
Overfull \hbox (8.29036pt too wide) in paragraph at lines 85--86
[]\TU/Montserrat(0)/m/n/12 Nas mar-gens da ci-dade, existe uma ca-bana onde vive
 um(a) cu-ran-deiro(a)
 []


Overfull \hbox (38.43832pt too wide) in paragraph at lines 93--94
[]\TU/Montserrat(0)/m/n/12 Uma an-tiga en-ti-dade é re-ve-ren-ci-ada como pro-t
e-tora da ci-dade, manifestando-
 []



[50]) (./capitulos/conspiracoes.tex
Cap\'{\i }tulo 6.

Overfull \hbox (21.8054pt too wide) in paragraph at lines 1--1
|[]\TU/MontserratBold(0)/b/n/20.74 Cons-pi-ra-ções em Barra das Gar-
 []



[51]

[52]

[53]

[54]
Overfull \hbox (0.90811pt too wide) in paragraph at lines 80--81
[]\TU/Montserrat(0)/b/n/12 Re-cor-tes so-bre Fenô-me-nos So-bre-na-tu-rais\TU/
Montserrat(0)/m/n/12 : Com-pi-la-ção de avis-ta-men-
 []



[55]
Overfull \hbox (4.83765pt too wide) in paragraph at lines 96--97
[]\TU/Montserrat(0)/b/n/12 Carta Ras-gada\TU/Montserrat(0)/m/n/12 : En-con-trada
 no es-cri-tó-rio do jor-nal, men-ci-ona um acordo
 []

) (./capitulos/outros.tex
Cap\'{\i }tulo 7.


[56]
Overfull \hbox (1.2016pt too wide) in paragraph at lines 17--18
\TU/Montserrat(0)/m/n/12 par-ti-lham e con-fir-mam suas te-o-rias, ali-men-tando
 sua pa-ra-noia e dando-
 []



[57]

[58]
Overfull \hbox (20.28322pt too wide) in paragraph at lines 80--84
\TU/Montserrat(0)/m/n/12 alvo. O mar-cado sente uma pre-sença in-vi-sí-vel e 
es-cuta sus-sur-ros, tornando-
 []


Underfull \vbox (badness 10000) has occurred while \output is active []



[59]

[60]

[61]

[62]
Underfull \vbox (badness 10000) has occurred while \output is active []



[63]

[64]

[65]

[66]

[67]

[68]) (./capitulos/fofocas.tex
Cap\'{\i }tulo 8.


[69]
Overfull \hbox (2.84059pt too wide) in paragraph at lines 37--38
[]\TU/Montserrat(0)/m/n/12 ”O Bento faz tudo em si-lên-cio, mas ele anda ron-
dando o ra-dar do DTCEA-
 []



[70]
Overfull \hbox (2.92061pt too wide) in paragraph at lines 45--46
[]\TU/Montserrat(0)/m/n/12 ”Al-gu-mas an-te-nas do DTCEA-BW fo-ram en-con-tra-
das sa-bo-ta-das, e Bento
 []



[71]
Overfull \hbox (0.74796pt too wide) in paragraph at lines 90--91
[]\TU/Montserrat(0)/m/n/12 ”Al-guns mo-ra-do-res vi-ram He-lena de-se-nhando 
sím-bo-los es-tra-nhos perto
 []



[72]

[73]

[74]
Overfull \hbox (8.98799pt too wide) in paragraph at lines 166--167
[]\TU/Montserrat(0)/m/n/12 ”Ela tem uma foto do ce-mi-té-rio com uma fi-gura fan-tas-ma-g
ó-rica ao fundo.
 []


Overfull \hbox (3.75362pt too wide) in paragraph at lines 167--168
[]\TU/Montserrat(0)/m/n/12 ”Di-zem que Cláu-dia sente uma pre-sença atrás 
dela en-quanto toca, como
 []



[75]

[76]

[77]
Overfull \hbox (7.27757pt too wide) in paragraph at lines 238--239
[]\TU/Montserrat(0)/m/n/12 ”Di-zem que He-lena se en-con-tra com al-guém no 
ce-mi-té-rio, mas ela nunca
 []


Underfull \vbox (badness 3872) has occurred while \output is active []



[78]

[79]
Overfull \hbox (17.28665pt too wide) in paragraph at lines 282--283
[]\TU/Montserrat(0)/m/n/12 ”Ele sem-pre quer sa-ber so-bre as ener-gias da ci-
dade. Tal-vez queira controlá-
 []



[80]

[81]
Overfull \hbox (1.39597pt too wide) in paragraph at lines 337--338
\TU/Montserrat(0)/m/n/12 guns di-zem que dis-cu-ti-ram algo im-por-tante so-bre o con-trole da ci-dade.
” 
 []



[82]
Overfull \hbox (0.92798pt too wide) in paragraph at lines 361--362
[]\TU/Montserrat(0)/m/n/12 ”Di-zem que Mi-guel e o pre-feito com-par-ti-lham 
um do-cu-mento que com-
 []



[83]
Overfull \hbox (2.06393pt too wide) in paragraph at lines 387--388
[]\TU/Montserrat(0)/m/n/12 ”He-lena sem-pre pede li-vros so-bre es-pí-ri-tos e la-
ços fa-mi-li-a-res com o além.
 []


Overfull \hbox (2.47466pt too wide) in paragraph at lines 391--392
[]\TU/Montserrat(0)/m/n/12 ”He-lena acre-dita que seus an-te-pas-sa-dos pro-te
-gem sua fa-mí-lia. Ela man-
 []



[84]

[85]

[86]

[87]
Overfull \hbox (3.18394pt too wide) in paragraph at lines 502--503
[]\TU/Montserrat(0)/m/n/12 ”Ela man-tém um al-tar es-con-dido no ho-tel em ho
-me-na-gem ao fan-tasma.
 []



[88]
Overfull \hbox (1.996pt too wide) in paragraph at lines 516--517
[]\TU/Montserrat(0)/m/n/12 ”Ela afirma que al-guns hós-pe-des dei-xam ob-je-t
os es-tra-nhos que são proi-
 []



[89]

[90]
Overfull \hbox (2.15997pt too wide) in paragraph at lines 570--571
[]\TU/Montserrat(0)/m/n/12 ”Ga-briel afirma que o ce-mi-té-rio tem áreas com
 di-fe-ren-tes ’ní-veis de ener-
 []



[91]

[92]
Overfull \hbox (6.924pt too wide) in paragraph at lines 640--641
[]\TU/Montserrat(0)/m/n/12 ”Ele pos-sui uma re-lí-quia sa-grada que acre-dita
 pro-te-ger a ci-dade de Bento
 []



[93]
Overfull \hbox (7.37596pt too wide) in paragraph at lines 659--660
[]\TU/Montserrat(0)/m/n/12 ”Ela acre-dita que o pre-feito está sob uma mal-di
-ção an-tiga e tenta quebrá-
 []



[94]
Overfull \hbox (9.90398pt too wide) in paragraph at lines 677--678
[]\TU/Montserrat(0)/m/n/12 ”He-lena pe-diu ao pa-dre que man-te-nha uma vi-g
í-lia es-pi-ri-tual con-tra Bento
 []



[95]

[96]
Overfull \hbox (13.02399pt too wide) in paragraph at lines 740--741
[]\TU/Montserrat(0)/m/n/12 ”Al-guns di-zem que Ro-drigo en-trega ’in-gre-di-
en-tes’ para os ri-tu-ais de Bento,
 []



[97]

[98]
Overfull \hbox (5.956pt too wide) in paragraph at lines 800--801
[]\TU/Montserrat(0)/m/n/12 ”Car-los tenta gra-var as mú-si-cas do Dis-có-dro
mo para analisá-las em busca
 []


Underfull \vbox (badness 4569) has occurred while \output is active []



[99]

[100]
Overfull \hbox (3.4576pt too wide) in paragraph at lines 846--847
[]\TU/Montserrat(0)/m/n/12 ”Di-zem que Le-o-nardo fo-to-grafa se-cre-ta-mente as reu-ni
ões de Bento, mas
 []


Overfull \hbox (2.64397pt too wide) in paragraph at lines 862--863
[]\TU/Montserrat(0)/m/n/12 ”Le-o-nardo evita pu-bli-car as fo-tos mais es-tra-
nhas que tira no Dis-có-dromo,
 []



[101]
Overfull \hbox (0.78401pt too wide) in paragraph at lines 866--867
[]\TU/Montserrat(0)/m/n/12 ”Al-gu-mas fo-tos de Le-o-nardo mos-tram fi-gu-ras bor-ra-das ao re-dor de Cl
áu-
 []



[102]

[103]
Underfull \vbox (badness 10000) has occurred while \output is active []



[104]
Underfull \vbox (badness 10000) has occurred while \output is active []



[105]
Cap\'{\i }tulo 9.


[106]

[107]

[108]
Overfull \hbox (3.04958pt too wide) in paragraph at lines 1094--1095
\TU/Montserrat(0)/m/n/12 Seu in-te-resse é pu-ra-mente in-te-lec-tual, mas seu jeito mis-te-ri-oso ali-menta
 []



[109])
Cap\'{\i }tulo 10.
(./capitulos/refs.tex
Cap\'{\i }tulo 11.


[110]
LaTeX Font Info:    External font `cmex10' loaded for size
(Font)              <12> on input line 6.
LaTeX Font Info:    External font `cmex10' loaded for size
(Font)              <8> on input line 6.
LaTeX Font Info:    External font `cmex10' loaded for size
(Font)              <6> on input line 6.

Overfull \hbox (648.99084pt too wide) in paragraph at lines 6--7
[][][]$\TU/lmtt/m/n/12 https://g1.globo.com/mt/mato-[]grosso/noticia/2024/07/12/
cidade-[]perdida-[]e-[]espiritos-[]obsessores-[]conheca-[]os-[]misterios-[]de-[
]municipio-[]em-[]mt-[]que-[]tem-[]ate-[]aeroporto-[]para-[]alienigenas.
 []


Overfull \hbox (357.03119pt too wide) in paragraph at lines 8--9
[][][]$\TU/lmtt/m/n/12 https://olhonoaraguaia.com.br/vale-[]do-[]araguaia/serra-
[]do-[]roncador-[]e-[]seus-[]misterios-[]e-[]lendas-[]atrai-[]curiosos-[]em-[]ba
rra-[]do-[]garcas/$[][] 
 []

) (./apendices/memo.tex
Ap\^endice A.

Underfull \hbox (badness 10000) in paragraph at lines 55--55

 []

) (./apendices/adicional.tex
Ap\^endice B.

Underfull \vbox (badness 10000) has occurred while \output is active []



[111]
Underfull \hbox (badness 10000) in paragraph at lines 49--49

 []

) (./apendices/jornal1.tex
warning  (pdf backend): ignoring duplicate destination with the name 'appendix.A
'
Ap\^endice A.

Underfull \vbox (badness 10000) has occurred while \output is active []



[112]
Underfull \vbox (badness 10000) has occurred while \output is active []



[113])

[114] (./BarraDasGarças.ind)

[115

] (./BarraDasGarças.aux)
 ***********
LaTeX2e <2024-06-01> patch level 2
L3 programming layer <2024-05-27>
 ***********


LaTeX Font Warning: Some font shapes were not available, defaults substituted.


LaTeX Warning: Label(s) may have changed. Rerun to get cross-references right.


Package rerunfilecheck Warning: File `BarraDasGarças.out' has changed.
(rerunfilecheck)                Rerun to get outlines right
(rerunfilecheck)                or use package `bookmark'.

Package rerunfilecheck Info: Checksums for `BarraDasGarças.out':
(rerunfilecheck)             Before: <no file>
(rerunfilecheck)             After:  D42CAFFC471994AB27824284338C3F08;33709.
)

Here is how much of LuaTeX's memory you used:
 25463 strings out of 475915
 125086,1977958 words of node,token memory allocated
 525 words of node memory still in use:
   5 hlist, 1 vlist, 1 rule, 5 glue, 3 kern, 1 glyph, 13 attribute, 57 glue_spec
, 8 attribute_list, 2 write, 1 pdf_action nodes
   avail lists: 1:1,2:1667,3:685,4:132,5:1468,6:135,7:8077,8:177,9:399,10:28,11:
1093
 46426 multiletter control sequences out of 65536+600000
 55 fonts using 10122239 bytes
 98i,16n,105p,1207b,633s stack positions out of 10000i,1000n,20000p,200000b,200000s
<C:/Users/Xexeo/AppData/Local/Programs/MiKTeX/fonts/opentype/public/lm/lmmono12-
regular.otf><C:/Users/Xexeo/AppData/Local/Programs/MiKTeX/fonts/opentype/public/
montserrat/montserrat-italic.otf><C:/Users/Xexeo/AppData/Local/Programs/MiKTeX/f
onts/opentype/public/montserrat/montserrat-regular.otf><C:/Users/Xexeo/AppData/L
ocal/Programs/MiKTeX/fonts/opentype/public/montserrat/montserrat-bold.otf>
Output written on BarraDasGarças.pdf (115 pages, 11084249 bytes).

PDF statistics: 1421 PDF objects out of 1440 (max. 8388607)
 980 named destinations out of 1000 (max. 131072)
 16 words of extra memory for PDF output out of 10000 (max. 100000000)

